{"meta": {"format": 3, "version": "7.12.0", "timestamp": "2026-02-08T14:02:43.616100", "branch_coverage": false, "show_contexts": false}, "files": {"src/__init__.py": {"executed_lines": [1, 3, 4], "summary": {"covered_lines": 2, "num_statements": 2, "percent_covered": 100.0, "percent_covered_display": "100", "missing_lines": 0, "excluded_lines": 0, "percent_statements_covered": 100.0, "percent_statements_covered_display": "100"}, "missing_lines": [], "excluded_lines": [], "functions": {"": {"executed_lines": [1, 3, 4], "summary": {"covered_lines": 2, "num_statements": 2, "percent_covered": 100.0, "percent_covered_display": "100", "missing_lines": 0, "excluded_lines": 0, "percent_statements_covered": 100.0, "percent_statements_covered_display": "100"}, "missing_lines": [], "excluded_lines": []}}, "classes": {"": {"executed_lines": [1, 3, 4], "summary": {"covered_lines": 2, "num_statements": 2, "percent_covered": 100.0, "percent_covered_display": "100", "missing_lines": 0, "excluded_lines": 0, "percent_statements_covered": 100.0, "percent_statements_covered_display": "100"}, "missing_lines": [], "excluded_lines": []}}}, "src/app_core.py": {"executed_lines": [], "summary": {"covered_lines": 0, "num_statements": 113, "percent_covered": 0.0, "percent_covered_display": "0", "missing_lines": 113, "excluded_lines": 0, "percent_statements_covered": 0.0, "percent_statements_covered_display": "0"}, "missing_lines": [3, 4, 5, 6, 7, 8, 10, 11, 12, 13, 14, 17, 31, 37, 38, 39, 40, 41, 44, 45, 46, 48, 55, 56, 57, 59, 65, 70, 71, 72, 74, 75, 78, 79, 80, 81, 82, 84, 85, 86, 87, 89, 91, 93, 94, 95, 98, 99, 100, 103, 109, 110, 111, 112, 114, 118, 119, 123, 127, 130, 131, 132, 139, 141, 143, 144, 145, 146, 147, 148, 151, 154, 155, 156, 157, 158, 159, 160, 163, 164, 165, 170, 172, 173, 174, 175, 176, 179, 180, 181, 182, 184, 186, 188, 189, 191, 194, 195, 198, 199, 200, 201, 202, 205, 206, 207, 209, 210, 212, 225, 226, 227, 228], "excluded_lines": [], "functions": {"OlympusTranscriber.__init__": {"executed_lines": [], "summary": {"covered_lines": 0, "num_statements": 8, "percent_covered": 0.0, "percent_covered_display": "0", "missing_lines": 8, "excluded_lines": 0, "percent_statements_covered": 0.0, "percent_statements_covered_display": "0"}, "missing_lines": [37, 38, 39, 40, 41, 44, 45, 46], "excluded_lines": []}, "OlympusTranscriber._signal_handler": {"executed_lines": [], "summary": {"covered_lines": 0, "num_statements": 3, "percent_covered": 0.0, "percent_covered_display": "0", "missing_lines": 3, "excluded_lines": 0, "percent_statements_covered": 0.0, "percent_statements_covered_display": "0"}, "missing_lines": [55, 56, 57], "excluded_lines": []}, "OlympusTranscriber._periodic_check": {"executed_lines": [], "summary": {"covered_lines": 0, "num_statements": 16, "percent_covered": 0.0, "percent_covered_display": "0", "missing_lines": 16, "excluded_lines": 0, "percent_statements_covered": 0.0, "percent_statements_covered_display": "0"}, "missing_lines": [65, 70, 71, 72, 74, 75, 78, 79, 80, 81, 82, 84, 85, 86, 87, 89], "excluded_lines": []}, "OlympusTranscriber.start": {"executed_lines": [], "summary": {"covered_lines": 0, "num_statements": 49, "percent_covered": 0.0, "percent_covered_display": "0", "missing_lines": 49, "excluded_lines": 0, "percent_statements_covered": 0.0, "percent_statements_covered_display": "0"}, "missing_lines": [93, 94, 95, 98, 99, 100, 103, 109, 110, 111, 112, 114, 118, 119, 123, 127, 130, 131, 132, 139, 141, 143, 144, 145, 146, 147, 148, 151, 154, 155, 156, 157, 158, 159, 160, 163, 164, 165, 170, 172, 173, 174, 175, 176, 179, 180, 181, 182, 184], "excluded_lines": []}, "OlympusTranscriber.stop": {"executed_lines": [], "summary": {"covered_lines": 0, "num_statements": 15, "percent_covered": 0.0, "percent_covered_display": "0", "missing_lines": 15, "excluded_lines": 0, "percent_statements_covered": 0.0, "percent_statements_covered_display": "0"}, "missing_lines": [188, 189, 191, 194, 195, 198, 199, 200, 201, 202, 205, 206, 207, 209, 210], "excluded_lines": []}, "OlympusTranscriber._update_state": {"executed_lines": [], "summary": {"covered_lines": 0, "num_statements": 4, "percent_covered": 0.0, "percent_covered_display": "0", "missing_lines": 4, "excluded_lines": 0, "percent_statements_covered": 0.0, "percent_statements_covered_display": "0"}, "missing_lines": [225, 226, 227, 228], "excluded_lines": []}, "": {"executed_lines": [], "summary": {"covered_lines": 0, "num_statements": 18, "percent_covered": 0.0, "percent_covered_display": "0", "missing_lines": 18, "excluded_lines": 0, "percent_statements_covered": 0.0, "percent_statements_covered_display": "0"}, "missing_lines": [3, 4, 5, 6, 7, 8, 10, 11, 12, 13, 14, 17, 31, 48, 59, 91, 186, 212], "excluded_lines": []}}, "classes": {"OlympusTranscriber": {"executed_lines": [], "summary": {"covered_lines": 0, "num_statements": 95, "percent_covered": 0.0, "percent_covered_display": "0", "missing_lines": 95, "excluded_lines": 0, "percent_statements_covered": 0.0, "percent_statements_covered_display": "0"}, "missing_lines": [37, 38, 39, 40, 41, 44, 45, 46, 55, 56, 57, 65, 70, 71, 72, 74, 75, 78, 79, 80, 81, 82, 84, 85, 86, 87, 89, 93, 94, 95, 98, 99, 100, 103, 109, 110, 111, 112, 114, 118, 119, 123, 127, 130, 131, 132, 139, 141, 143, 144, 145, 146, 147, 148, 151, 154, 155, 156, 157, 158, 159, 160, 163, 164, 165, 170, 172, 173, 174, 175, 176, 179, 180, 181, 182, 184, 188, 189, 191, 194, 195, 198, 199, 200, 201, 202, 205, 206, 207, 209, 210, 225, 226, 227, 228], "excluded_lines": []}, "": {"executed_lines": [], "summary": {"covered_lines": 0, "num_statements": 18, "percent_covered": 0.0, "percent_covered_display": "0", "missing_lines": 18, "excluded_lines": 0, "percent_statements_covered": 0.0, "percent_statements_covered_display": "0"}, "missing_lines": [3, 4, 5, 6, 7, 8, 10, 11, 12, 13, 14, 17, 31, 48, 59, 91, 186, 212], "excluded_lines": []}}}, "src/app_status.py": {"executed_lines": [1, 3, 4, 5, 8, 9, 11, 12, 13, 14, 17, 18, 26, 28, 29, 30, 31, 33, 34, 36, 37, 39, 40, 42, 43, 45, 46, 48, 49, 51, 52, 54, 55, 57, 58, 60, 61, 63, 64, 66, 67, 69, 75, 76, 77, 78, 79, 80, 81, 82, 84, 85, 86], "summary": {"covered_lines": 50, "num_statements": 53, "percent_covered": 94.33962264150944, "percent_covered_display": "94", "missing_lines": 3, "excluded_lines": 0, "percent_statements_covered": 94.33962264150944, "percent_statements_covered_display": "94"}, "missing_lines": [83, 87, 88], "excluded_lines": [], "functions": {"AppState.__init__": {"executed_lines": [28, 29, 30, 31], "summary": {"covered_lines": 4, "num_statements": 4, "percent_covered": 100.0, "percent_covered_display": "100", "missing_lines": 0, "excluded_lines": 0, "percent_statements_covered": 100.0, "percent_statements_covered_display": "100"}, "missing_lines": [], "excluded_lines": []}, "AppState.status": {"executed_lines": [42, 43], "summary": {"covered_lines": 2, "num_statements": 2, "percent_covered": 100.0, "percent_covered_display": "100", "missing_lines": 0, "excluded_lines": 0, "percent_statements_covered": 100.0, "percent_statements_covered_display": "100"}, "missing_lines": [], "excluded_lines": []}, "AppState.current_file": {"executed_lines": [54, 55], "summary": {"covered_lines": 2, "num_statements": 2, "percent_covered": 100.0, "percent_covered_display": "100", "missing_lines": 0, "excluded_lines": 0, "percent_statements_covered": 100.0, "percent_statements_covered_display": "100"}, "missing_lines": [], "excluded_lines": []}, "AppState.error_message": {"executed_lines": [66, 67], "summary": {"covered_lines": 2, "num_statements": 2, "percent_covered": 100.0, "percent_covered_display": "100", "missing_lines": 0, "excluded_lines": 0, "percent_statements_covered": 100.0, "percent_statements_covered_display": "100"}, "missing_lines": [], "excluded_lines": []}, "AppState.get_status_string": {"executed_lines": [75, 76, 77, 78, 79, 80, 81, 82, 84, 85, 86], "summary": {"covered_lines": 11, "num_statements": 14, "percent_covered": 78.57142857142857, "percent_covered_display": "79", "missing_lines": 3, "excluded_lines": 0, "percent_statements_covered": 78.57142857142857, "percent_statements_covered_display": "79"}, "missing_lines": [83, 87, 88], "excluded_lines": []}, "": {"executed_lines": [1, 3, 4, 5, 8, 9, 11, 12, 13, 14, 17, 18, 26, 33, 34, 39, 40, 45, 46, 51, 52, 57, 58, 63, 64, 69], "summary": {"covered_lines": 23, "num_statements": 23, "percent_covered": 100.0, "percent_covered_display": "100", "missing_lines": 0, "excluded_lines": 0, "percent_statements_covered": 100.0, "percent_statements_covered_display": "100"}, "missing_lines": [], "excluded_lines": []}}, "classes": {"AppStatus": {"executed_lines": [], "summary": {"covered_lines": 0, "num_statements": 0, "percent_covered": 100.0, "percent_covered_display": "100", "missing_lines": 0, "excluded_lines": 0, "percent_statements_covered": 100.0, "percent_statements_covered_display": "100"}, "missing_lines": [], "excluded_lines": []}, "AppState": {"executed_lines": [28, 29, 30, 31, 36, 37, 42, 43, 48, 49, 54, 55, 60, 61, 66, 67, 75, 76, 77, 78, 79, 80, 81, 82, 84, 85, 86], "summary": {"covered_lines": 27, "num_statements": 30, "percent_covered": 90.0, "percent_covered_display": "90", "missing_lines": 3, "excluded_lines": 0, "percent_statements_covered": 90.0, "percent_statements_covered_display": "90"}, "missing_lines": [83, 87, 88], "excluded_lines": []}, "": {"executed_lines": [1, 3, 4, 5, 8, 9, 11, 12, 13, 14, 17, 18, 26, 33, 34, 39, 40, 45, 46, 51, 52, 57, 58, 63, 64, 69], "summary": {"covered_lines": 23, "num_statements": 23, "percent_covered": 100.0, "percent_covered_display": "100", "missing_lines": 0, "excluded_lines": 0, "percent_statements_covered": 100.0, "percent_statements_covered_display": "100"}, "missing_lines": [], "excluded_lines": []}}}, "src/config/__init__.py": {"executed_lines": [1, 4, 5, 21, 23], "summary": {"covered_lines": 4, "num_statements": 4, "percent_covered": 100.0, "percent_covered_display": "100", "missing_lines": 0, "excluded_lines": 0, "percent_statements_covered": 100.0, "percent_statements_covered_display": "100"}, "missing_lines": [], "excluded_lines": [], "functions": {"": {"executed_lines": [1, 4, 5, 21, 23], "summary": {"covered_lines": 4, "num_statements": 4, "percent_covered": 100.0, "percent_covered_display": "100", "missing_lines": 0, "excluded_lines": 0, "percent_statements_covered": 100.0, "percent_statements_covered_display": "100"}, "missing_lines": [], "excluded_lines": []}}, "classes": {"": {"executed_lines": [1, 4, 5, 21, 23], "summary": {"covered_lines": 4, "num_statements": 4, "percent_covered": 100.0, "percent_covered_display": "100", "missing_lines": 0, "excluded_lines": 0, "percent_statements_covered": 100.0, "percent_statements_covered_display": "100"}, "missing_lines": [], "excluded_lines": []}}}, "src/config/config.py": {"executed_lines": [1, 3, 4, 5, 6, 7, 9, 12, 13, 16, 17, 18, 50, 53, 54, 55, 56, 59, 60, 63, 64, 65, 66, 67, 68, 71, 72, 73, 76, 79, 80, 81, 82, 83, 84, 85, 88, 89, 90, 91, 92, 95, 111, 123, 126, 128, 132, 134, 136, 137, 138, 142, 143, 145, 147, 149, 150, 152, 154, 156, 157, 159, 160, 164, 165, 167, 169, 172, 175, 176, 192, 194, 197, 200, 201, 206, 208, 211, 214, 215, 228, 229, 230, 231, 241, 245, 246, 248, 250, 254, 257, 258, 260, 262, 263, 264, 270, 273, 280, 281, 282, 287, 288, 290, 291, 293, 295, 297, 299, 302], "summary": {"covered_lines": 106, "num_statements": 124, "percent_covered": 85.48387096774194, "percent_covered_display": "85", "missing_lines": 18, "excluded_lines": 2, "percent_statements_covered": 85.48387096774194, "percent_statements_covered_display": "85"}, "missing_lines": [129, 140, 179, 180, 181, 184, 185, 186, 187, 190, 204, 218, 219, 220, 223, 234, 247, 251], "excluded_lines": [9, 10], "functions": {"Config.__post_init__": {"executed_lines": [123, 126, 128, 132, 134, 136, 137, 138, 142, 143, 145, 147, 149, 150, 152, 154, 156, 157, 159, 160, 164, 165, 167, 169, 172, 175, 176, 192, 194, 197, 200, 201, 206, 208, 211, 214, 215, 228, 229, 230, 231, 241, 245, 246, 248, 250, 254, 257, 258], "summary": {"covered_lines": 49, "num_statements": 67, "percent_covered": 73.13432835820896, "percent_covered_display": "73", "missing_lines": 18, "excluded_lines": 0, "percent_statements_covered": 73.13432835820896, "percent_statements_covered_display": "73"}, "missing_lines": [129, 140, 179, 180, 181, 184, 185, 186, 187, 190, 204, 218, 219, 220, 223, 234, 247, 251], "excluded_lines": []}, "Config.ensure_directories": {"executed_lines": [262, 263, 264], "summary": {"covered_lines": 3, "num_statements": 3, "percent_covered": 100.0, "percent_covered_display": "100", "missing_lines": 0, "excluded_lines": 0, "percent_statements_covered": 100.0, "percent_statements_covered_display": "100"}, "missing_lines": [], "excluded_lines": []}, "get_config": {"executed_lines": [280, 281, 282], "summary": {"covered_lines": 3, "num_statements": 3, "percent_covered": 100.0, "percent_covered_display": "100", "missing_lines": 0, "excluded_lines": 0, "percent_statements_covered": 100.0, "percent_statements_covered_display": "100"}, "missing_lines": [], "excluded_lines": []}, "_ConfigProxy.__getattr__": {"executed_lines": [291], "summary": {"covered_lines": 1, "num_statements": 1, "percent_covered": 100.0, "percent_covered_display": "100", "missing_lines": 0, "excluded_lines": 0, "percent_statements_covered": 100.0, "percent_statements_covered_display": "100"}, "missing_lines": [], "excluded_lines": []}, "_ConfigProxy.__setattr__": {"executed_lines": [295], "summary": {"covered_lines": 1, "num_statements": 1, "percent_covered": 100.0, "percent_covered_display": "100", "missing_lines": 0, "excluded_lines": 0, "percent_statements_covered": 100.0, "percent_statements_covered_display": "100"}, "missing_lines": [], "excluded_lines": []}, "_ConfigProxy.ensure_directories": {"executed_lines": [299], "summary": {"covered_lines": 1, "num_statements": 1, "percent_covered": 100.0, "percent_covered_display": "100", "missing_lines": 0, "excluded_lines": 0, "percent_statements_covered": 100.0, "percent_statements_covered_display": "100"}, "missing_lines": [], "excluded_lines": []}, "": {"executed_lines": [1, 3, 4, 5, 6, 7, 9, 12, 13, 16, 17, 18, 50, 53, 54, 55, 56, 59, 60, 63, 64, 65, 66, 67, 68, 71, 72, 73, 76, 79, 80, 81, 82, 83, 84, 85, 88, 89, 90, 91, 92, 95, 111, 260, 270, 273, 287, 288, 290, 293, 297, 302], "summary": {"covered_lines": 48, "num_statements": 48, "percent_covered": 100.0, "percent_covered_display": "100", "missing_lines": 0, "excluded_lines": 2, "percent_statements_covered": 100.0, "percent_statements_covered_display": "100"}, "missing_lines": [], "excluded_lines": [9, 10]}}, "classes": {"Config": {"executed_lines": [123, 126, 128, 132, 134, 136, 137, 138, 142, 143, 145, 147, 149, 150, 152, 154, 156, 157, 159, 160, 164, 165, 167, 169, 172, 175, 176, 192, 194, 197, 200, 201, 206, 208, 211, 214, 215, 228, 229, 230, 231, 241, 245, 246, 248, 250, 254, 257, 258, 262, 263, 264], "summary": {"covered_lines": 52, "num_statements": 70, "percent_covered": 74.28571428571429, "percent_covered_display": "74", "missing_lines": 18, "excluded_lines": 0, "percent_statements_covered": 74.28571428571429, "percent_statements_covered_display": "74"}, "missing_lines": [129, 140, 179, 180, 181, 184, 185, 186, 187, 190, 204, 218, 219, 220, 223, 234, 247, 251], "excluded_lines": []}, "_ConfigProxy": {"executed_lines": [291, 295, 299], "summary": {"covered_lines": 3, "num_statements": 3, "percent_covered": 100.0, "percent_covered_display": "100", "missing_lines": 0, "excluded_lines": 0, "percent_statements_covered": 100.0, "percent_statements_covered_display": "100"}, "missing_lines": [], "excluded_lines": []}, "": {"executed_lines": [1, 3, 4, 5, 6, 7, 9, 12, 13, 16, 17, 18, 50, 53, 54, 55, 56, 59, 60, 63, 64, 65, 66, 67, 68, 71, 72, 73, 76, 79, 80, 81, 82, 83, 84, 85, 88, 89, 90, 91, 92, 95, 111, 260, 270, 273, 280, 281, 282, 287, 288, 290, 293, 297, 302], "summary": {"covered_lines": 51, "num_statements": 51, "percent_covered": 100.0, "percent_covered_display": "100", "missing_lines": 0, "excluded_lines": 2, "percent_statements_covered": 100.0, "percent_statements_covered_display": "100"}, "missing_lines": [], "excluded_lines": [9, 10]}}}, "src/config/defaults.py": {"executed_lines": [1, 3, 4, 7, 16, 17, 20, 21, 23, 26, 31, 34, 41, 44, 47, 48, 49, 50, 54, 57, 60, 73, 74, 75, 81, 82, 83, 85, 86, 87, 89, 90, 92, 93, 94, 96, 97, 98, 99, 101, 102, 103, 105, 107, 108, 109, 110, 111, 115], "summary": {"covered_lines": 47, "num_statements": 47, "percent_covered": 100.0, "percent_covered_display": "100", "missing_lines": 0, "excluded_lines": 0, "percent_statements_covered": 100.0, "percent_statements_covered_display": "100"}, "missing_lines": [], "excluded_lines": [], "functions": {"Defaults.__post_init__": {"executed_lines": [107, 108, 109, 110, 111], "summary": {"covered_lines": 5, "num_statements": 5, "percent_covered": 100.0, "percent_covered_display": "100", "missing_lines": 0, "excluded_lines": 0, "percent_statements_covered": 100.0, "percent_statements_covered_display": "100"}, "missing_lines": [], "excluded_lines": []}, "": {"executed_lines": [1, 3, 4, 7, 16, 17, 20, 21, 23, 26, 31, 34, 41, 44, 47, 48, 49, 50, 54, 57, 60, 73, 74, 75, 81, 82, 83, 85, 86, 87, 89, 90, 92, 93, 94, 96, 97, 98, 99, 101, 102, 103, 105, 115], "summary": {"covered_lines": 42, "num_statements": 42, "percent_covered": 100.0, "percent_covered_display": "100", "missing_lines": 0, "excluded_lines": 0, "percent_statements_covered": 100.0, "percent_statements_covered_display": "100"}, "missing_lines": [], "excluded_lines": []}}, "classes": {"Defaults": {"executed_lines": [107, 108, 109, 110, 111], "summary": {"covered_lines": 5, "num_statements": 5, "percent_covered": 100.0, "percent_covered_display": "100", "missing_lines": 0, "excluded_lines": 0, "percent_statements_covered": 100.0, "percent_statements_covered_display": "100"}, "missing_lines": [], "excluded_lines": []}, "": {"executed_lines": [1, 3, 4, 7, 16, 17, 20, 21, 23, 26, 31, 34, 41, 44, 47, 48, 49, 50, 54, 57, 60, 73, 74, 75, 81, 82, 83, 85, 86, 87, 89, 90, 92, 93, 94, 96, 97, 98, 99, 101, 102, 103, 105, 115], "summary": {"covered_lines": 42, "num_statements": 42, "percent_covered": 100.0, "percent_covered_display": "100", "missing_lines": 0, "excluded_lines": 0, "percent_statements_covered": 100.0, "percent_statements_covered_display": "100"}, "missing_lines": [], "excluded_lines": []}}}, "src/config/migration.py": {"executed_lines": [1, 3, 4, 5, 6, 8, 9, 12, 14, 15, 18, 27, 28, 31, 32, 33, 34, 35, 40, 43, 44, 45, 46, 47, 48, 49, 52, 53, 56, 57, 60, 61, 62, 63, 64, 69, 70, 71, 72, 73, 76, 77, 78, 80, 83, 89, 92, 93, 96, 97, 99, 100, 101, 103, 105, 106, 107, 110], "summary": {"covered_lines": 57, "num_statements": 59, "percent_covered": 96.61016949152543, "percent_covered_display": "97", "missing_lines": 2, "excluded_lines": 0, "percent_statements_covered": 96.61016949152543, "percent_statements_covered_display": "97"}, "missing_lines": [36, 37], "excluded_lines": [], "functions": {"_get_logger": {"executed_lines": [14, 15], "summary": {"covered_lines": 2, "num_statements": 2, "percent_covered": 100.0, "percent_covered_display": "100", "missing_lines": 0, "excluded_lines": 0, "percent_statements_covered": 100.0, "percent_statements_covered_display": "100"}, "missing_lines": [], "excluded_lines": []}, "migrate_from_old_config": {"executed_lines": [27, 28, 31, 32, 33, 34, 35, 40, 43, 44, 45, 46, 47, 48, 49, 52, 53, 56, 57, 60, 61, 62, 63, 64, 69, 70, 71, 72, 73, 76, 77, 78, 80], "summary": {"covered_lines": 33, "num_statements": 35, "percent_covered": 94.28571428571429, "percent_covered_display": "94", "missing_lines": 2, "excluded_lines": 0, "percent_statements_covered": 94.28571428571429, "percent_statements_covered_display": "94"}, "missing_lines": [36, 37], "excluded_lines": []}, "perform_migration_if_needed": {"executed_lines": [89, 92, 93, 96, 97, 99, 100, 101, 103, 105, 106, 107, 110], "summary": {"covered_lines": 13, "num_statements": 13, "percent_covered": 100.0, "percent_covered_display": "100", "missing_lines": 0, "excluded_lines": 0, "percent_statements_covered": 100.0, "percent_statements_covered_display": "100"}, "missing_lines": [], "excluded_lines": []}, "": {"executed_lines": [1, 3, 4, 5, 6, 8, 9, 12, 18, 83], "summary": {"covered_lines": 9, "num_statements": 9, "percent_covered": 100.0, "percent_covered_display": "100", "missing_lines": 0, "excluded_lines": 0, "percent_statements_covered": 100.0, "percent_statements_covered_display": "100"}, "missing_lines": [], "excluded_lines": []}}, "classes": {"": {"executed_lines": [1, 3, 4, 5, 6, 8, 9, 12, 14, 15, 18, 27, 28, 31, 32, 33, 34, 35, 40, 43, 44, 45, 46, 47, 48, 49, 52, 53, 56, 57, 60, 61, 62, 63, 64, 69, 70, 71, 72, 73, 76, 77, 78, 80, 83, 89, 92, 93, 96, 97, 99, 100, 101, 103, 105, 106, 107, 110], "summary": {"covered_lines": 57, "num_statements": 59, "percent_covered": 96.61016949152543, "percent_covered_display": "97", "missing_lines": 2, "excluded_lines": 0, "percent_statements_covered": 96.61016949152543, "percent_statements_covered_display": "97"}, "missing_lines": [36, 37], "excluded_lines": []}}}, "src/config/settings.py": {"executed_lines": [1, 3, 4, 5, 6, 8, 11, 12, 13, 16, 17, 20, 23, 24, 27, 28, 31, 32, 35, 37, 39, 41, 43, 44, 46, 47, 48, 49, 50, 51, 52, 53, 54, 56, 58, 59, 60, 61, 63, 65, 78, 79, 82, 91, 92, 94, 96, 98], "summary": {"covered_lines": 46, "num_statements": 46, "percent_covered": 100.0, "percent_covered_display": "100", "missing_lines": 0, "excluded_lines": 0, "percent_statements_covered": 100.0, "percent_statements_covered_display": "100"}, "missing_lines": [], "excluded_lines": [], "functions": {"UserSettings.__post_init__": {"executed_lines": [39, 41], "summary": {"covered_lines": 2, "num_statements": 2, "percent_covered": 100.0, "percent_covered_display": "100", "missing_lines": 0, "excluded_lines": 0, "percent_statements_covered": 100.0, "percent_statements_covered_display": "100"}, "missing_lines": [], "excluded_lines": []}, "UserSettings.load": {"executed_lines": [46, 47, 48, 49, 50, 51, 52, 53, 54], "summary": {"covered_lines": 9, "num_statements": 9, "percent_covered": 100.0, "percent_covered_display": "100", "missing_lines": 0, "excluded_lines": 0, "percent_statements_covered": 100.0, "percent_statements_covered_display": "100"}, "missing_lines": [], "excluded_lines": []}, "UserSettings.save": {"executed_lines": [58, 59, 60, 61], "summary": {"covered_lines": 4, "num_statements": 4, "percent_covered": 100.0, "percent_covered_display": "100", "missing_lines": 0, "excluded_lines": 0, "percent_statements_covered": 100.0, "percent_statements_covered_display": "100"}, "missing_lines": [], "excluded_lines": []}, "UserSettings.to_dict": {"executed_lines": [65], "summary": {"covered_lines": 1, "num_statements": 1, "percent_covered": 100.0, "percent_covered_display": "100", "missing_lines": 0, "excluded_lines": 0, "percent_statements_covered": 100.0, "percent_statements_covered_display": "100"}, "missing_lines": [], "excluded_lines": []}, "UserSettings.config_path": {"executed_lines": [82], "summary": {"covered_lines": 1, "num_statements": 1, "percent_covered": 100.0, "percent_covered_display": "100", "missing_lines": 0, "excluded_lines": 0, "percent_statements_covered": 100.0, "percent_statements_covered_display": "100"}, "missing_lines": [], "excluded_lines": []}, "UserSettings._config_path": {"executed_lines": [94], "summary": {"covered_lines": 1, "num_statements": 1, "percent_covered": 100.0, "percent_covered_display": "100", "missing_lines": 0, "excluded_lines": 0, "percent_statements_covered": 100.0, "percent_statements_covered_display": "100"}, "missing_lines": [], "excluded_lines": []}, "UserSettings.ensure_directories": {"executed_lines": [98], "summary": {"covered_lines": 1, "num_statements": 1, "percent_covered": 100.0, "percent_covered_display": "100", "missing_lines": 0, "excluded_lines": 0, "percent_statements_covered": 100.0, "percent_statements_covered_display": "100"}, "missing_lines": [], "excluded_lines": []}, "": {"executed_lines": [1, 3, 4, 5, 6, 8, 11, 12, 13, 16, 17, 20, 23, 24, 27, 28, 31, 32, 35, 37, 43, 44, 56, 63, 78, 79, 91, 92, 96], "summary": {"covered_lines": 27, "num_statements": 27, "percent_covered": 100.0, "percent_covered_display": "100", "missing_lines": 0, "excluded_lines": 0, "percent_statements_covered": 100.0, "percent_statements_covered_display": "100"}, "missing_lines": [], "excluded_lines": []}}, "classes": {"UserSettings": {"executed_lines": [39, 41, 46, 47, 48, 49, 50, 51, 52, 53, 54, 58, 59, 60, 61, 65, 82, 94, 98], "summary": {"covered_lines": 19, "num_statements": 19, "percent_covered": 100.0, "percent_covered_display": "100", "missing_lines": 0, "excluded_lines": 0, "percent_statements_covered": 100.0, "percent_statements_covered_display": "100"}, "missing_lines": [], "excluded_lines": []}, "": {"executed_lines": [1, 3, 4, 5, 6, 8, 11, 12, 13, 16, 17, 20, 23, 24, 27, 28, 31, 32, 35, 37, 43, 44, 56, 63, 78, 79, 91, 92, 96], "summary": {"covered_lines": 27, "num_statements": 27, "percent_covered": 100.0, "percent_covered_display": "100", "missing_lines": 0, "excluded_lines": 0, "percent_statements_covered": 100.0, "percent_statements_covered_display": "100"}, "missing_lines": [], "excluded_lines": []}}}, "src/env_loader.py": {"executed_lines": [1, 3, 5, 6, 7, 10, 19, 20, 29, 38, 40, 41, 45, 46, 48], "summary": {"covered_lines": 14, "num_statements": 20, "percent_covered": 70.0, "percent_covered_display": "70", "missing_lines": 6, "excluded_lines": 0, "percent_statements_covered": 70.0, "percent_statements_covered_display": "70"}, "missing_lines": [22, 23, 24, 26, 42, 43], "excluded_lines": [], "functions": {"_resolve_env_path": {"executed_lines": [19, 20], "summary": {"covered_lines": 2, "num_statements": 6, "percent_covered": 33.333333333333336, "percent_covered_display": "33", "missing_lines": 4, "excluded_lines": 0, "percent_statements_covered": 33.333333333333336, "percent_statements_covered_display": "33"}, "missing_lines": [22, 23, 24, 26], "excluded_lines": []}, "load_env_file": {"executed_lines": [38, 40, 41, 45, 46, 48], "summary": {"covered_lines": 6, "num_statements": 8, "percent_covered": 75.0, "percent_covered_display": "75", "missing_lines": 2, "excluded_lines": 0, "percent_statements_covered": 75.0, "percent_statements_covered_display": "75"}, "missing_lines": [42, 43], "excluded_lines": []}, "": {"executed_lines": [1, 3, 5, 6, 7, 10, 29], "summary": {"covered_lines": 6, "num_statements": 6, "percent_covered": 100.0, "percent_covered_display": "100", "missing_lines": 0, "excluded_lines": 0, "percent_statements_covered": 100.0, "percent_statements_covered_display": "100"}, "missing_lines": [], "excluded_lines": []}}, "classes": {"": {"executed_lines": [1, 3, 5, 6, 7, 10, 19, 20, 29, 38, 40, 41, 45, 46, 48], "summary": {"covered_lines": 14, "num_statements": 20, "percent_covered": 70.0, "percent_covered_display": "70", "missing_lines": 6, "excluded_lines": 0, "percent_statements_covered": 70.0, "percent_statements_covered_display": "70"}, "missing_lines": [22, 23, 24, 26, 42, 43], "excluded_lines": []}}}, "src/file_monitor.py": {"executed_lines": [1, 3, 4, 5, 7, 8, 9, 13, 14, 15, 16, 19, 20, 37, 43, 44, 49, 50, 51, 52, 53, 55, 57, 58, 59, 61, 62, 63, 65, 66, 68, 70, 73, 74, 77, 79, 80, 87, 90, 93, 94, 95, 98, 99, 100, 101, 104, 105, 106, 108, 110, 113, 114, 121, 122, 126, 127, 130, 133, 134, 139, 140, 142, 143, 145, 151, 161, 164, 165, 168, 169, 171, 173, 175, 177, 179, 181, 183, 184, 186, 196, 197, 199, 201, 202, 204, 205, 206, 207, 212, 213, 214, 215, 216, 217, 222, 224, 226, 227, 229, 230, 231, 232, 233], "summary": {"covered_lines": 102, "num_statements": 125, "percent_covered": 81.6, "percent_covered_display": "82", "missing_lines": 23, "excluded_lines": 0, "percent_statements_covered": 81.6, "percent_statements_covered_display": "82"}, "missing_lines": [10, 11, 81, 83, 84, 96, 115, 117, 118, 123, 124, 135, 136, 147, 148, 149, 208, 209, 218, 219, 220, 234, 235], "excluded_lines": [], "functions": {"FileMonitor.__init__": {"executed_lines": [43, 44, 49, 50, 51, 52, 53], "summary": {"covered_lines": 7, "num_statements": 7, "percent_covered": 100.0, "percent_covered_display": "100", "missing_lines": 0, "excluded_lines": 0, "percent_statements_covered": 100.0, "percent_statements_covered_display": "100"}, "missing_lines": [], "excluded_lines": []}, "FileMonitor.start": {"executed_lines": [57, 58, 59, 61, 62, 63, 65, 66, 68, 139, 140, 142, 143, 145], "summary": {"covered_lines": 14, "num_statements": 17, "percent_covered": 82.3529411764706, "percent_covered_display": "82", "missing_lines": 3, "excluded_lines": 0, "percent_statements_covered": 82.3529411764706, "percent_statements_covered_display": "82"}, "missing_lines": [147, 148, 149], "excluded_lines": []}, "FileMonitor.start.on_change": {"executed_lines": [70, 73, 74, 77, 79, 80, 87, 90, 93, 94, 95, 98, 99, 100, 101, 104, 105, 106, 108, 110, 113, 114, 121, 122, 126, 127, 130, 133, 134], "summary": {"covered_lines": 29, "num_statements": 40, "percent_covered": 72.5, "percent_covered_display": "72", "missing_lines": 11, "excluded_lines": 0, "percent_statements_covered": 72.5, "percent_statements_covered_display": "72"}, "missing_lines": [81, 83, 84, 96, 115, 117, 118, 123, 124, 135, 136], "excluded_lines": []}, "FileMonitor._should_process_volume": {"executed_lines": [161, 164, 165, 168, 169, 171, 173, 175, 177, 179, 181, 183, 184], "summary": {"covered_lines": 13, "num_statements": 13, "percent_covered": 100.0, "percent_covered_display": "100", "missing_lines": 0, "excluded_lines": 0, "percent_statements_covered": 100.0, "percent_statements_covered_display": "100"}, "missing_lines": [], "excluded_lines": []}, "FileMonitor._has_audio_files": {"executed_lines": [196, 197, 199, 201, 202, 204, 205, 206, 207, 212, 213, 214, 215, 216, 217, 222], "summary": {"covered_lines": 16, "num_statements": 21, "percent_covered": 76.19047619047619, "percent_covered_display": "76", "missing_lines": 5, "excluded_lines": 0, "percent_statements_covered": 76.19047619047619, "percent_statements_covered_display": "76"}, "missing_lines": [208, 209, 218, 219, 220], "excluded_lines": []}, "FileMonitor.stop": {"executed_lines": [226, 227, 229, 230, 231, 232, 233], "summary": {"covered_lines": 7, "num_statements": 9, "percent_covered": 77.77777777777777, "percent_covered_display": "78", "missing_lines": 2, "excluded_lines": 0, "percent_statements_covered": 77.77777777777777, "percent_statements_covered_display": "78"}, "missing_lines": [234, 235], "excluded_lines": []}, "": {"executed_lines": [1, 3, 4, 5, 7, 8, 9, 13, 14, 15, 16, 19, 20, 37, 55, 151, 186, 224], "summary": {"covered_lines": 16, "num_statements": 18, "percent_covered": 88.88888888888889, "percent_covered_display": "89", "missing_lines": 2, "excluded_lines": 0, "percent_statements_covered": 88.88888888888889, "percent_statements_covered_display": "89"}, "missing_lines": [10, 11], "excluded_lines": []}}, "classes": {"FileMonitor": {"executed_lines": [43, 44, 49, 50, 51, 52, 53, 57, 58, 59, 61, 62, 63, 65, 66, 68, 70, 73, 74, 77, 79, 80, 87, 90, 93, 94, 95, 98, 99, 100, 101, 104, 105, 106, 108, 110, 113, 114, 121, 122, 126, 127, 130, 133, 134, 139, 140, 142, 143, 145, 161, 164, 165, 168, 169, 171, 173, 175, 177, 179, 181, 183, 184, 196, 197, 199, 201, 202, 204, 205, 206, 207, 212, 213, 214, 215, 216, 217, 222, 226, 227, 229, 230, 231, 232, 233], "summary": {"covered_lines": 86, "num_statements": 107, "percent_covered": 80.37383177570094, "percent_covered_display": "80", "missing_lines": 21, "excluded_lines": 0, "percent_statements_covered": 80.37383177570094, "percent_statements_covered_display": "80"}, "missing_lines": [81, 83, 84, 96, 115, 117, 118, 123, 124, 135, 136, 147, 148, 149, 208, 209, 218, 219, 220, 234, 235], "excluded_lines": []}, "": {"executed_lines": [1, 3, 4, 5, 7, 8, 9, 13, 14, 15, 16, 19, 20, 37, 55, 151, 186, 224], "summary": {"covered_lines": 16, "num_statements": 18, "percent_covered": 88.88888888888889, "percent_covered_display": "89", "missing_lines": 2, "excluded_lines": 0, "percent_statements_covered": 88.88888888888889, "percent_statements_covered_display": "89"}, "missing_lines": [10, 11], "excluded_lines": []}}}, "src/logger.py": {"executed_lines": [1, 3, 4, 5, 6, 10, 13, 31, 34, 35, 38, 42, 48, 49, 50, 51, 52, 53, 58, 59, 60, 61, 62, 64, 68], "summary": {"covered_lines": 24, "num_statements": 27, "percent_covered": 88.88888888888889, "percent_covered_display": "89", "missing_lines": 3, "excluded_lines": 0, "percent_statements_covered": 88.88888888888889, "percent_statements_covered_display": "89"}, "missing_lines": [39, 54, 55], "excluded_lines": [], "functions": {"setup_logger": {"executed_lines": [31, 34, 35, 38, 42, 48, 49, 50, 51, 52, 53, 58, 59, 60, 61, 62, 64], "summary": {"covered_lines": 17, "num_statements": 20, "percent_covered": 85.0, "percent_covered_display": "85", "missing_lines": 3, "excluded_lines": 0, "percent_statements_covered": 85.0, "percent_statements_covered_display": "85"}, "missing_lines": [39, 54, 55], "excluded_lines": []}, "": {"executed_lines": [1, 3, 4, 5, 6, 10, 13, 68], "summary": {"covered_lines": 7, "num_statements": 7, "percent_covered": 100.0, "percent_covered_display": "100", "missing_lines": 0, "excluded_lines": 0, "percent_statements_covered": 100.0, "percent_statements_covered_display": "100"}, "missing_lines": [], "excluded_lines": []}}, "classes": {"": {"executed_lines": [1, 3, 4, 5, 6, 10, 13, 31, 34, 35, 38, 42, 48, 49, 50, 51, 52, 53, 58, 59, 60, 61, 62, 64, 68], "summary": {"covered_lines": 24, "num_statements": 27, "percent_covered": 88.88888888888889, "percent_covered_display": "89", "missing_lines": 3, "excluded_lines": 0, "percent_statements_covered": 88.88888888888889, "percent_statements_covered_display": "89"}, "missing_lines": [39, 54, 55], "excluded_lines": []}}}, "src/main.py": {"executed_lines": [], "summary": {"covered_lines": 0, "num_statements": 17, "percent_covered": 0.0, "percent_covered_display": "0", "missing_lines": 17, "excluded_lines": 2, "percent_statements_covered": 0.0, "percent_statements_covered_display": "0"}, "missing_lines": [3, 5, 8, 12, 13, 16, 20, 22, 23, 26, 28, 29, 30, 31, 32, 33, 35], "excluded_lines": [38, 39], "functions": {"main": {"executed_lines": [], "summary": {"covered_lines": 0, "num_statements": 7, "percent_covered": 0.0, "percent_covered_display": "0", "missing_lines": 7, "excluded_lines": 0, "percent_statements_covered": 0.0, "percent_statements_covered_display": "0"}, "missing_lines": [28, 29, 30, 31, 32, 33, 35], "excluded_lines": []}, "": {"executed_lines": [], "summary": {"covered_lines": 0, "num_statements": 10, "percent_covered": 0.0, "percent_covered_display": "0", "missing_lines": 10, "excluded_lines": 2, "percent_statements_covered": 0.0, "percent_statements_covered_display": "0"}, "missing_lines": [3, 5, 8, 12, 13, 16, 20, 22, 23, 26], "excluded_lines": [38, 39]}}, "classes": {"": {"executed_lines": [], "summary": {"covered_lines": 0, "num_statements": 17, "percent_covered": 0.0, "percent_covered_display": "0", "missing_lines": 17, "excluded_lines": 2, "percent_statements_covered": 0.0, "percent_statements_covered_display": "0"}, "missing_lines": [3, 5, 8, 12, 13, 16, 20, 22, 23, 26, 28, 29, 30, 31, 32, 33, 35], "excluded_lines": [38, 39]}}}, "src/markdown_generator.py": {"executed_lines": [1, 3, 4, 5, 6, 8, 9, 10, 11, 12, 16, 17, 20, 21, 27, 29, 30, 32, 45, 54, 55, 56, 57, 59, 60, 61, 62, 67, 68, 69, 76, 77, 80, 81, 82, 83, 88, 90, 100, 109, 110, 111, 121, 123, 132, 133, 134, 135, 137, 160, 164, 167, 168, 171, 172, 175, 187, 188, 189, 190, 192, 193, 195, 196, 197, 199, 210, 213, 214, 215, 218, 220, 222, 224, 237, 245, 246, 247, 251, 254, 257, 260, 262], "summary": {"covered_lines": 81, "num_statements": 96, "percent_covered": 84.375, "percent_covered_display": "84", "missing_lines": 15, "excluded_lines": 0, "percent_statements_covered": 84.375, "percent_statements_covered_display": "84"}, "missing_lines": [13, 14, 70, 71, 74, 75, 84, 85, 86, 112, 114, 116, 117, 118, 119], "excluded_lines": [], "functions": {"MarkdownGenerator.__init__": {"executed_lines": [29, 30], "summary": {"covered_lines": 2, "num_statements": 2, "percent_covered": 100.0, "percent_covered_display": "100", "missing_lines": 0, "excluded_lines": 0, "percent_statements_covered": 100.0, "percent_statements_covered_display": "100"}, "missing_lines": [], "excluded_lines": []}, "MarkdownGenerator.extract_audio_metadata": {"executed_lines": [45, 54, 55, 56, 57, 59, 60, 61, 62, 67, 68, 69, 76, 77, 80, 81, 82, 83, 88], "summary": {"covered_lines": 19, "num_statements": 26, "percent_covered": 73.07692307692308, "percent_covered_display": "73", "missing_lines": 7, "excluded_lines": 0, "percent_statements_covered": 73.07692307692308, "percent_statements_covered_display": "73"}, "missing_lines": [70, 71, 74, 75, 84, 85, 86], "excluded_lines": []}, "MarkdownGenerator._extract_date_from_tags": {"executed_lines": [100, 109, 110, 111, 121], "summary": {"covered_lines": 5, "num_statements": 11, "percent_covered": 45.45454545454545, "percent_covered_display": "45", "missing_lines": 6, "excluded_lines": 0, "percent_statements_covered": 45.45454545454545, "percent_statements_covered_display": "45"}, "missing_lines": [112, 114, 116, 117, 118, 119], "excluded_lines": []}, "MarkdownGenerator._format_duration": {"executed_lines": [132, 133, 134, 135], "summary": {"covered_lines": 4, "num_statements": 4, "percent_covered": 100.0, "percent_covered_display": "100", "missing_lines": 0, "excluded_lines": 0, "percent_statements_covered": 100.0, "percent_statements_covered_display": "100"}, "missing_lines": [], "excluded_lines": []}, "MarkdownGenerator.create_markdown_document": {"executed_lines": [160, 164, 167, 168, 171, 172, 175, 187, 188, 189, 190, 192, 193, 195, 196, 197], "summary": {"covered_lines": 16, "num_statements": 16, "percent_covered": 100.0, "percent_covered_display": "100", "missing_lines": 0, "excluded_lines": 0, "percent_statements_covered": 100.0, "percent_statements_covered_display": "100"}, "missing_lines": [], "excluded_lines": []}, "MarkdownGenerator._generate_filename": {"executed_lines": [210, 213, 214, 215, 218, 220, 222], "summary": {"covered_lines": 7, "num_statements": 7, "percent_covered": 100.0, "percent_covered_display": "100", "missing_lines": 0, "excluded_lines": 0, "percent_statements_covered": 100.0, "percent_statements_covered_display": "100"}, "missing_lines": [], "excluded_lines": []}, "MarkdownGenerator._sanitize_filename": {"executed_lines": [237, 245, 246, 247, 251, 254, 257, 260, 262], "summary": {"covered_lines": 9, "num_statements": 9, "percent_covered": 100.0, "percent_covered_display": "100", "missing_lines": 0, "excluded_lines": 0, "percent_statements_covered": 100.0, "percent_statements_covered_display": "100"}, "missing_lines": [], "excluded_lines": []}, "": {"executed_lines": [1, 3, 4, 5, 6, 8, 9, 10, 11, 12, 16, 17, 20, 21, 27, 32, 90, 123, 137, 199, 224], "summary": {"covered_lines": 19, "num_statements": 21, "percent_covered": 90.47619047619048, "percent_covered_display": "90", "missing_lines": 2, "excluded_lines": 0, "percent_statements_covered": 90.47619047619048, "percent_statements_covered_display": "90"}, "missing_lines": [13, 14], "excluded_lines": []}}, "classes": {"MarkdownGenerator": {"executed_lines": [29, 30, 45, 54, 55, 56, 57, 59, 60, 61, 62, 67, 68, 69, 76, 77, 80, 81, 82, 83, 88, 100, 109, 110, 111, 121, 132, 133, 134, 135, 160, 164, 167, 168, 171, 172, 175, 187, 188, 189, 190, 192, 193, 195, 196, 197, 210, 213, 214, 215, 218, 220, 222, 237, 245, 246, 247, 251, 254, 257, 260, 262], "summary": {"covered_lines": 62, "num_statements": 75, "percent_covered": 82.66666666666667, "percent_covered_display": "83", "missing_lines": 13, "excluded_lines": 0, "percent_statements_covered": 82.66666666666667, "percent_statements_covered_display": "83"}, "missing_lines": [70, 71, 74, 75, 84, 85, 86, 112, 114, 116, 117, 118, 119], "excluded_lines": []}, "": {"executed_lines": [1, 3, 4, 5, 6, 8, 9, 10, 11, 12, 16, 17, 20, 21, 27, 32, 90, 123, 137, 199, 224], "summary": {"covered_lines": 19, "num_statements": 21, "percent_covered": 90.47619047619048, "percent_covered_display": "90", "missing_lines": 2, "excluded_lines": 0, "percent_statements_covered": 90.47619047619048, "percent_statements_covered_display": "90"}, "missing_lines": [13, 14], "excluded_lines": []}}}, "src/menu_app.py": {"executed_lines": [], "summary": {"covered_lines": 0, "num_statements": 285, "percent_covered": 0.0, "percent_covered_display": "0", "missing_lines": 285, "excluded_lines": 2, "percent_statements_covered": 0.0, "percent_statements_covered_display": "0"}, "missing_lines": [3, 4, 5, 6, 7, 8, 12, 13, 15, 16, 17, 18, 19, 21, 22, 23, 24, 25, 27, 30, 32, 33, 34, 35, 36, 37, 38, 39, 40, 41, 42, 43, 46, 49, 51, 52, 56, 61, 62, 63, 64, 65, 68, 69, 70, 72, 76, 78, 82, 85, 86, 88, 90, 94, 96, 100, 102, 104, 108, 111, 114, 117, 118, 120, 121, 124, 126, 128, 129, 130, 131, 133, 134, 137, 138, 147, 150, 152, 153, 155, 156, 158, 160, 161, 162, 163, 164, 167, 168, 182, 183, 185, 186, 188, 190, 191, 192, 197, 198, 199, 200, 201, 203, 205, 207, 208, 209, 211, 212, 213, 215, 216, 221, 223, 224, 225, 234, 235, 236, 237, 242, 243, 244, 245, 250, 251, 252, 253, 258, 260, 262, 263, 264, 267, 268, 269, 270, 272, 273, 274, 277, 278, 279, 280, 282, 284, 286, 287, 288, 293, 295, 297, 302, 303, 304, 305, 311, 313, 315, 316, 317, 319, 320, 322, 323, 326, 332, 333, 339, 341, 343, 345, 347, 354, 355, 357, 358, 360, 361, 364, 370, 372, 375, 376, 377, 378, 379, 382, 383, 386, 387, 388, 390, 392, 393, 394, 395, 396, 398, 399, 400, 401, 402, 403, 404, 406, 408, 409, 410, 412, 414, 415, 416, 419, 420, 425, 428, 429, 434, 437, 446, 447, 450, 451, 454, 461, 462, 463, 464, 466, 467, 473, 478, 479, 480, 487, 488, 490, 491, 493, 495, 502, 503, 504, 506, 508, 509, 510, 511, 514, 515, 517, 519, 520, 522, 523, 524, 525, 526, 532, 534, 535, 537, 538, 539, 544, 546, 548, 549, 550, 553, 554, 557, 560, 562, 563, 564, 566, 567, 568, 569, 570, 571, 572, 573], "excluded_lines": [576, 577], "functions": {"OlympusMenuApp.__init__": {"executed_lines": [], "summary": {"covered_lines": 0, "num_statements": 32, "percent_covered": 0.0, "percent_covered_display": "0", "missing_lines": 32, "excluded_lines": 0, "percent_statements_covered": 0.0, "percent_statements_covered_display": "0"}, "missing_lines": [51, 52, 56, 61, 62, 63, 64, 65, 68, 69, 70, 72, 76, 78, 82, 85, 86, 88, 90, 94, 96, 100, 102, 104, 108, 111, 114, 117, 118, 120, 121, 124], "excluded_lines": []}, "OlympusMenuApp._run_wizard_if_needed": {"executed_lines": [], "summary": {"covered_lines": 0, "num_statements": 8, "percent_covered": 0.0, "percent_covered_display": "0", "missing_lines": 8, "excluded_lines": 0, "percent_statements_covered": 0.0, "percent_statements_covered_display": "0"}, "missing_lines": [128, 129, 130, 131, 133, 134, 137, 138], "excluded_lines": []}, "OlympusMenuApp._delayed_check_dependencies": {"executed_lines": [], "summary": {"covered_lines": 0, "num_statements": 5, "percent_covered": 0.0, "percent_covered_display": "0", "missing_lines": 5, "excluded_lines": 0, "percent_statements_covered": 0.0, "percent_statements_covered_display": "0"}, "missing_lines": [150, 152, 153, 155, 156], "excluded_lines": []}, "OlympusMenuApp._check_dependencies": {"executed_lines": [], "summary": {"covered_lines": 0, "num_statements": 20, "percent_covered": 0.0, "percent_covered_display": "0", "missing_lines": 20, "excluded_lines": 0, "percent_statements_covered": 0.0, "percent_statements_covered_display": "0"}, "missing_lines": [160, 161, 162, 163, 164, 167, 168, 182, 183, 185, 186, 188, 190, 191, 192, 197, 198, 199, 200, 201], "excluded_lines": []}, "OlympusMenuApp._download_dependencies": {"executed_lines": [], "summary": {"covered_lines": 0, "num_statements": 23, "percent_covered": 0.0, "percent_covered_display": "0", "missing_lines": 23, "excluded_lines": 0, "percent_statements_covered": 0.0, "percent_statements_covered_display": "0"}, "missing_lines": [205, 211, 212, 213, 215, 216, 221, 223, 224, 225, 234, 235, 236, 237, 242, 243, 244, 245, 250, 251, 252, 253, 258], "excluded_lines": []}, "OlympusMenuApp._download_dependencies.progress_callback": {"executed_lines": [], "summary": {"covered_lines": 0, "num_statements": 3, "percent_covered": 0.0, "percent_covered_display": "0", "missing_lines": 3, "excluded_lines": 0, "percent_statements_covered": 0.0, "percent_statements_covered_display": "0"}, "missing_lines": [207, 208, 209], "excluded_lines": []}, "OlympusMenuApp._update_status": {"executed_lines": [], "summary": {"covered_lines": 0, "num_statements": 15, "percent_covered": 0.0, "percent_covered_display": "0", "missing_lines": 15, "excluded_lines": 0, "percent_statements_covered": 0.0, "percent_statements_covered_display": "0"}, "missing_lines": [262, 263, 264, 267, 268, 269, 270, 272, 273, 274, 277, 278, 279, 280, 282], "excluded_lines": []}, "OlympusMenuApp._open_logs": {"executed_lines": [], "summary": {"covered_lines": 0, "num_statements": 10, "percent_covered": 0.0, "percent_covered_display": "0", "missing_lines": 10, "excluded_lines": 0, "percent_statements_covered": 0.0, "percent_statements_covered_display": "0"}, "missing_lines": [286, 287, 288, 293, 295, 297, 302, 303, 304, 305], "excluded_lines": []}, "OlympusMenuApp._reset_memory": {"executed_lines": [], "summary": {"covered_lines": 0, "num_statements": 11, "percent_covered": 0.0, "percent_covered_display": "0", "missing_lines": 11, "excluded_lines": 0, "percent_statements_covered": 0.0, "percent_statements_covered_display": "0"}, "missing_lines": [313, 315, 316, 317, 319, 320, 322, 323, 326, 332, 333], "excluded_lines": []}, "OlympusMenuApp._show_settings": {"executed_lines": [], "summary": {"covered_lines": 0, "num_statements": 1, "percent_covered": 0.0, "percent_covered_display": "0", "missing_lines": 1, "excluded_lines": 0, "percent_statements_covered": 0.0, "percent_statements_covered_display": "0"}, "missing_lines": [341], "excluded_lines": []}, "OlympusMenuApp._show_about": {"executed_lines": [], "summary": {"covered_lines": 0, "num_statements": 1, "percent_covered": 0.0, "percent_covered_display": "0", "missing_lines": 1, "excluded_lines": 0, "percent_statements_covered": 0.0, "percent_statements_covered_display": "0"}, "missing_lines": [345], "excluded_lines": []}, "OlympusMenuApp._get_staged_files": {"executed_lines": [], "summary": {"covered_lines": 0, "num_statements": 8, "percent_covered": 0.0, "percent_covered_display": "0", "missing_lines": 8, "excluded_lines": 0, "percent_statements_covered": 0.0, "percent_statements_covered_display": "0"}, "missing_lines": [354, 355, 357, 358, 360, 361, 364, 370], "excluded_lines": []}, "OlympusMenuApp._refresh_retranscribe_menu": {"executed_lines": [], "summary": {"covered_lines": 0, "num_statements": 27, "percent_covered": 0.0, "percent_covered_display": "0", "missing_lines": 27, "excluded_lines": 0, "percent_statements_covered": 0.0, "percent_statements_covered_display": "0"}, "missing_lines": [375, 376, 377, 378, 379, 382, 383, 386, 387, 388, 390, 392, 393, 394, 395, 396, 398, 399, 400, 401, 402, 403, 404, 406, 408, 409, 410], "excluded_lines": []}, "OlympusMenuApp._retranscribe_file_callback": {"executed_lines": [], "summary": {"covered_lines": 0, "num_statements": 18, "percent_covered": 0.0, "percent_covered_display": "0", "missing_lines": 18, "excluded_lines": 0, "percent_statements_covered": 0.0, "percent_statements_covered_display": "0"}, "missing_lines": [414, 415, 416, 419, 420, 425, 428, 429, 434, 437, 446, 447, 450, 451, 454, 461, 490, 491], "excluded_lines": []}, "OlympusMenuApp._retranscribe_file_callback.do_retranscribe": {"executed_lines": [], "summary": {"covered_lines": 0, "num_statements": 11, "percent_covered": 0.0, "percent_covered_display": "0", "missing_lines": 11, "excluded_lines": 0, "percent_statements_covered": 0.0, "percent_statements_covered_display": "0"}, "missing_lines": [462, 463, 464, 466, 467, 473, 478, 479, 480, 487, 488], "excluded_lines": []}, "OlympusMenuApp._quit_app": {"executed_lines": [], "summary": {"covered_lines": 0, "num_statements": 4, "percent_covered": 0.0, "percent_covered_display": "0", "missing_lines": 4, "excluded_lines": 0, "percent_statements_covered": 0.0, "percent_statements_covered_display": "0"}, "missing_lines": [495, 502, 503, 504], "excluded_lines": []}, "OlympusMenuApp._shutdown": {"executed_lines": [], "summary": {"covered_lines": 0, "num_statements": 6, "percent_covered": 0.0, "percent_covered_display": "0", "missing_lines": 6, "excluded_lines": 0, "percent_statements_covered": 0.0, "percent_statements_covered_display": "0"}, "missing_lines": [508, 509, 510, 511, 514, 515], "excluded_lines": []}, "OlympusMenuApp._run_daemon": {"executed_lines": [], "summary": {"covered_lines": 0, "num_statements": 7, "percent_covered": 0.0, "percent_covered_display": "0", "missing_lines": 7, "excluded_lines": 0, "percent_statements_covered": 0.0, "percent_statements_covered_display": "0"}, "missing_lines": [519, 520, 522, 523, 524, 525, 526], "excluded_lines": []}, "OlympusMenuApp._start_daemon": {"executed_lines": [], "summary": {"covered_lines": 0, "num_statements": 6, "percent_covered": 0.0, "percent_covered_display": "0", "missing_lines": 6, "excluded_lines": 0, "percent_statements_covered": 0.0, "percent_statements_covered_display": "0"}, "missing_lines": [534, 535, 537, 538, 539, 544], "excluded_lines": []}, "OlympusMenuApp.run": {"executed_lines": [], "summary": {"covered_lines": 0, "num_statements": 6, "percent_covered": 0.0, "percent_covered_display": "0", "missing_lines": 6, "excluded_lines": 0, "percent_statements_covered": 0.0, "percent_statements_covered_display": "0"}, "missing_lines": [548, 549, 550, 553, 554, 557], "excluded_lines": []}, "main": {"executed_lines": [], "summary": {"covered_lines": 0, "num_statements": 11, "percent_covered": 0.0, "percent_covered_display": "0", "missing_lines": 11, "excluded_lines": 0, "percent_statements_covered": 0.0, "percent_statements_covered_display": "0"}, "missing_lines": [562, 563, 564, 566, 567, 568, 569, 570, 571, 572, 573], "excluded_lines": []}, "": {"executed_lines": [], "summary": {"covered_lines": 0, "num_statements": 52, "percent_covered": 0.0, "percent_covered_display": "0", "missing_lines": 52, "excluded_lines": 2, "percent_statements_covered": 0.0, "percent_statements_covered_display": "0"}, "missing_lines": [3, 4, 5, 6, 7, 8, 12, 13, 15, 16, 17, 18, 19, 21, 22, 23, 24, 25, 27, 30, 32, 33, 34, 35, 36, 37, 38, 39, 40, 41, 42, 43, 46, 49, 126, 147, 158, 203, 260, 284, 311, 339, 343, 347, 372, 412, 493, 506, 517, 532, 546, 560], "excluded_lines": [576, 577]}}, "classes": {"OlympusMenuApp": {"executed_lines": [], "summary": {"covered_lines": 0, "num_statements": 222, "percent_covered": 0.0, "percent_covered_display": "0", "missing_lines": 222, "excluded_lines": 0, "percent_statements_covered": 0.0, "percent_statements_covered_display": "0"}, "missing_lines": [51, 52, 56, 61, 62, 63, 64, 65, 68, 69, 70, 72, 76, 78, 82, 85, 86, 88, 90, 94, 96, 100, 102, 104, 108, 111, 114, 117, 118, 120, 121, 124, 128, 129, 130, 131, 133, 134, 137, 138, 150, 152, 153, 155, 156, 160, 161, 162, 163, 164, 167, 168, 182, 183, 185, 186, 188, 190, 191, 192, 197, 198, 199, 200, 201, 205, 207, 208, 209, 211, 212, 213, 215, 216, 221, 223, 224, 225, 234, 235, 236, 237, 242, 243, 244, 245, 250, 251, 252, 253, 258, 262, 263, 264, 267, 268, 269, 270, 272, 273, 274, 277, 278, 279, 280, 282, 286, 287, 288, 293, 295, 297, 302, 303, 304, 305, 313, 315, 316, 317, 319, 320, 322, 323, 326, 332, 333, 341, 345, 354, 355, 357, 358, 360, 361, 364, 370, 375, 376, 377, 378, 379, 382, 383, 386, 387, 388, 390, 392, 393, 394, 395, 396, 398, 399, 400, 401, 402, 403, 404, 406, 408, 409, 410, 414, 415, 416, 419, 420, 425, 428, 429, 434, 437, 446, 447, 450, 451, 454, 461, 462, 463, 464, 466, 467, 473, 478, 479, 480, 487, 488, 490, 491, 495, 502, 503, 504, 508, 509, 510, 511, 514, 515, 519, 520, 522, 523, 524, 525, 526, 534, 535, 537, 538, 539, 544, 548, 549, 550, 553, 554, 557], "excluded_lines": []}, "": {"executed_lines": [], "summary": {"covered_lines": 0, "num_statements": 63, "percent_covered": 0.0, "percent_covered_display": "0", "missing_lines": 63, "excluded_lines": 2, "percent_statements_covered": 0.0, "percent_statements_covered_display": "0"}, "missing_lines": [3, 4, 5, 6, 7, 8, 12, 13, 15, 16, 17, 18, 19, 21, 22, 23, 24, 25, 27, 30, 32, 33, 34, 35, 36, 37, 38, 39, 40, 41, 42, 43, 46, 49, 126, 147, 158, 203, 260, 284, 311, 339, 343, 347, 372, 412, 493, 506, 517, 532, 546, 560, 562, 563, 564, 566, 567, 568, 569, 570, 571, 572, 573], "excluded_lines": [576, 577]}}}, "src/setup/__init__.py": {"executed_lines": [1, 3, 4, 10, 11, 17], "summary": {"covered_lines": 5, "num_statements": 5, "percent_covered": 100.0, "percent_covered_display": "100", "missing_lines": 0, "excluded_lines": 0, "percent_statements_covered": 100.0, "percent_statements_covered_display": "100"}, "missing_lines": [], "excluded_lines": [], "functions": {"": {"executed_lines": [1, 3, 4, 10, 11, 17], "summary": {"covered_lines": 5, "num_statements": 5, "percent_covered": 100.0, "percent_covered_display": "100", "missing_lines": 0, "excluded_lines": 0, "percent_statements_covered": 100.0, "percent_statements_covered_display": "100"}, "missing_lines": [], "excluded_lines": []}}, "classes": {"": {"executed_lines": [1, 3, 4, 10, 11, 17], "summary": {"covered_lines": 5, "num_statements": 5, "percent_covered": 100.0, "percent_covered_display": "100", "missing_lines": 0, "excluded_lines": 0, "percent_statements_covered": 100.0, "percent_statements_covered_display": "100"}, "missing_lines": [], "excluded_lines": []}}}, "src/setup/checksums.py": {"executed_lines": [1, 4, 11, 18, 25], "summary": {"covered_lines": 4, "num_statements": 4, "percent_covered": 100.0, "percent_covered_display": "100", "missing_lines": 0, "excluded_lines": 0, "percent_statements_covered": 100.0, "percent_statements_covered_display": "100"}, "missing_lines": [], "excluded_lines": [], "functions": {"": {"executed_lines": [1, 4, 11, 18, 25], "summary": {"covered_lines": 4, "num_statements": 4, "percent_covered": 100.0, "percent_covered_display": "100", "missing_lines": 0, "excluded_lines": 0, "percent_statements_covered": 100.0, "percent_statements_covered_display": "100"}, "missing_lines": [], "excluded_lines": []}}, "classes": {"": {"executed_lines": [1, 4, 11, 18, 25], "summary": {"covered_lines": 4, "num_statements": 4, "percent_covered": 100.0, "percent_covered_display": "100", "missing_lines": 0, "excluded_lines": 0, "percent_statements_covered": 100.0, "percent_statements_covered_display": "100"}, "missing_lines": [], "excluded_lines": []}}}, "src/setup/downloader.py": {"executed_lines": [1, 3, 4, 5, 6, 7, 8, 9, 11, 13, 14, 15, 23, 26, 27, 28, 31, 32, 34, 44, 45, 48, 49, 50, 53, 54, 55, 57, 66, 68, 69, 70, 71, 73, 85, 86, 88, 89, 95, 97, 107, 108, 111, 113, 114, 115, 116, 117, 122, 123, 125, 131, 132, 134, 140, 141, 143, 152, 153, 155, 162, 167, 170, 171, 172, 174, 175, 176, 179, 180, 187, 188, 195, 196, 202, 204, 225, 228, 229, 249, 252, 253, 256, 257, 258, 263, 264, 269, 277, 285, 288, 289, 290, 294, 295, 298, 299, 300, 303, 311, 312, 315, 316, 323, 324, 366, 376, 377, 380, 381, 382, 383, 386, 387, 388, 389, 397, 398, 400, 410, 411, 414, 415, 416, 417, 420, 421, 422, 423, 431, 432, 434, 447, 448, 451, 452, 453, 456, 457, 458, 459, 467, 470, 472], "summary": {"covered_lines": 142, "num_statements": 225, "percent_covered": 63.111111111111114, "percent_covered_display": "63", "missing_lines": 83, "excluded_lines": 0, "percent_statements_covered": 63.111111111111114, "percent_statements_covered_display": "63"}, "missing_lines": [118, 119, 120, 181, 184, 189, 192, 197, 200, 230, 231, 233, 234, 238, 239, 240, 241, 244, 245, 246, 265, 266, 279, 280, 281, 282, 304, 305, 306, 307, 308, 317, 318, 319, 326, 327, 329, 330, 334, 335, 336, 340, 341, 342, 343, 346, 347, 348, 350, 351, 352, 353, 354, 356, 357, 358, 359, 360, 362, 378, 392, 395, 412, 426, 429, 449, 462, 465, 481, 483, 486, 487, 490, 491, 493, 494, 496, 497, 499, 500, 502, 503, 504], "excluded_lines": [], "functions": {"DependencyDownloader.__init__": {"executed_lines": [44, 45, 48, 49, 50, 53, 54, 55], "summary": {"covered_lines": 8, "num_statements": 8, "percent_covered": 100.0, "percent_covered_display": "100", "missing_lines": 0, "excluded_lines": 0, "percent_statements_covered": 100.0, "percent_statements_covered_display": "100"}, "missing_lines": [], "excluded_lines": []}, "DependencyDownloader.check_network": {"executed_lines": [66, 68, 69, 70, 71], "summary": {"covered_lines": 5, "num_statements": 5, "percent_covered": 100.0, "percent_covered_display": "100", "missing_lines": 0, "excluded_lines": 0, "percent_statements_covered": 100.0, "percent_statements_covered_display": "100"}, "missing_lines": [], "excluded_lines": []}, "DependencyDownloader.check_disk_space": {"executed_lines": [85, 86, 88, 89, 95], "summary": {"covered_lines": 5, "num_statements": 5, "percent_covered": 100.0, "percent_covered_display": "100", "missing_lines": 0, "excluded_lines": 0, "percent_statements_covered": 100.0, "percent_statements_covered_display": "100"}, "missing_lines": [], "excluded_lines": []}, "DependencyDownloader.verify_checksum": {"executed_lines": [107, 108, 111, 113, 114, 115, 116, 117, 122, 123], "summary": {"covered_lines": 10, "num_statements": 13, "percent_covered": 76.92307692307692, "percent_covered_display": "77", "missing_lines": 3, "excluded_lines": 0, "percent_statements_covered": 76.92307692307692, "percent_statements_covered_display": "77"}, "missing_lines": [118, 119, 120], "excluded_lines": []}, "DependencyDownloader.is_whisper_installed": {"executed_lines": [131, 132], "summary": {"covered_lines": 2, "num_statements": 2, "percent_covered": 100.0, "percent_covered_display": "100", "missing_lines": 0, "excluded_lines": 0, "percent_statements_covered": 100.0, "percent_statements_covered_display": "100"}, "missing_lines": [], "excluded_lines": []}, "DependencyDownloader.is_ffmpeg_installed": {"executed_lines": [140, 141], "summary": {"covered_lines": 2, "num_statements": 2, "percent_covered": 100.0, "percent_covered_display": "100", "missing_lines": 0, "excluded_lines": 0, "percent_statements_covered": 100.0, "percent_statements_covered_display": "100"}, "missing_lines": [], "excluded_lines": []}, "DependencyDownloader.is_model_installed": {"executed_lines": [152, 153], "summary": {"covered_lines": 2, "num_statements": 2, "percent_covered": 100.0, "percent_covered_display": "100", "missing_lines": 0, "excluded_lines": 0, "percent_statements_covered": 100.0, "percent_statements_covered_display": "100"}, "missing_lines": [], "excluded_lines": []}, "DependencyDownloader.check_all": {"executed_lines": [162, 167, 170, 171, 172, 174, 175, 176, 179, 180, 187, 188, 195, 196, 202], "summary": {"covered_lines": 15, "num_statements": 21, "percent_covered": 71.42857142857143, "percent_covered_display": "71", "missing_lines": 6, "excluded_lines": 0, "percent_statements_covered": 71.42857142857143, "percent_statements_covered_display": "71"}, "missing_lines": [181, 184, 189, 192, 197, 200], "excluded_lines": []}, "DependencyDownloader._download_file": {"executed_lines": [225, 228, 229, 249, 252, 253, 256, 257, 258, 263, 264, 269, 277, 285, 288, 289, 290, 294, 295, 298, 299, 300, 303, 311, 312, 315, 316, 323, 324], "summary": {"covered_lines": 29, "num_statements": 79, "percent_covered": 36.70886075949367, "percent_covered_display": "37", "missing_lines": 50, "excluded_lines": 0, "percent_statements_covered": 36.70886075949367, "percent_statements_covered_display": "37"}, "missing_lines": [230, 231, 233, 234, 238, 239, 240, 241, 244, 245, 246, 265, 266, 279, 280, 281, 282, 304, 305, 306, 307, 308, 317, 318, 319, 326, 327, 329, 330, 334, 335, 336, 340, 341, 342, 343, 346, 347, 348, 350, 351, 352, 353, 354, 356, 357, 358, 359, 360, 362], "excluded_lines": []}, "DependencyDownloader.download_whisper": {"executed_lines": [376, 377, 380, 381, 382, 383, 386, 387, 388, 389, 397, 398], "summary": {"covered_lines": 12, "num_statements": 15, "percent_covered": 80.0, "percent_covered_display": "80", "missing_lines": 3, "excluded_lines": 0, "percent_statements_covered": 80.0, "percent_statements_covered_display": "80"}, "missing_lines": [378, 392, 395], "excluded_lines": []}, "DependencyDownloader.download_ffmpeg": {"executed_lines": [410, 411, 414, 415, 416, 417, 420, 421, 422, 423, 431, 432], "summary": {"covered_lines": 12, "num_statements": 15, "percent_covered": 80.0, "percent_covered_display": "80", "missing_lines": 3, "excluded_lines": 0, "percent_statements_covered": 80.0, "percent_statements_covered_display": "80"}, "missing_lines": [412, 426, 429], "excluded_lines": []}, "DependencyDownloader.download_model": {"executed_lines": [447, 448, 451, 452, 453, 456, 457, 458, 459, 467, 470], "summary": {"covered_lines": 11, "num_statements": 14, "percent_covered": 78.57142857142857, "percent_covered_display": "79", "missing_lines": 3, "excluded_lines": 0, "percent_statements_covered": 78.57142857142857, "percent_statements_covered_display": "79"}, "missing_lines": [449, 462, 465], "excluded_lines": []}, "DependencyDownloader.download_all": {"executed_lines": [], "summary": {"covered_lines": 0, "num_statements": 15, "percent_covered": 0.0, "percent_covered_display": "0", "missing_lines": 15, "excluded_lines": 0, "percent_statements_covered": 0.0, "percent_statements_covered_display": "0"}, "missing_lines": [481, 483, 486, 487, 490, 491, 493, 494, 496, 497, 499, 500, 502, 503, 504], "excluded_lines": []}, "": {"executed_lines": [1, 3, 4, 5, 6, 7, 8, 9, 11, 13, 14, 15, 23, 26, 27, 28, 31, 32, 34, 57, 73, 97, 125, 134, 143, 155, 204, 366, 400, 434, 472], "summary": {"covered_lines": 29, "num_statements": 29, "percent_covered": 100.0, "percent_covered_display": "100", "missing_lines": 0, "excluded_lines": 0, "percent_statements_covered": 100.0, "percent_statements_covered_display": "100"}, "missing_lines": [], "excluded_lines": []}}, "classes": {"DependencyDownloader": {"executed_lines": [44, 45, 48, 49, 50, 53, 54, 55, 66, 68, 69, 70, 71, 85, 86, 88, 89, 95, 107, 108, 111, 113, 114, 115, 116, 117, 122, 123, 131, 132, 140, 141, 152, 153, 162, 167, 170, 171, 172, 174, 175, 176, 179, 180, 187, 188, 195, 196, 202, 225, 228, 229, 249, 252, 253, 256, 257, 258, 263, 264, 269, 277, 285, 288, 289, 290, 294, 295, 298, 299, 300, 303, 311, 312, 315, 316, 323, 324, 376, 377, 380, 381, 382, 383, 386, 387, 388, 389, 397, 398, 410, 411, 414, 415, 416, 417, 420, 421, 422, 423, 431, 432, 447, 448, 451, 452, 453, 456, 457, 458, 459, 467, 470], "summary": {"covered_lines": 113, "num_statements": 196, "percent_covered": 57.6530612244898, "percent_covered_display": "58", "missing_lines": 83, "excluded_lines": 0, "percent_statements_covered": 57.6530612244898, "percent_statements_covered_display": "58"}, "missing_lines": [118, 119, 120, 181, 184, 189, 192, 197, 200, 230, 231, 233, 234, 238, 239, 240, 241, 244, 245, 246, 265, 266, 279, 280, 281, 282, 304, 305, 306, 307, 308, 317, 318, 319, 326, 327, 329, 330, 334, 335, 336, 340, 341, 342, 343, 346, 347, 348, 350, 351, 352, 353, 354, 356, 357, 358, 359, 360, 362, 378, 392, 395, 412, 426, 429, 449, 462, 465, 481, 483, 486, 487, 490, 491, 493, 494, 496, 497, 499, 500, 502, 503, 504], "excluded_lines": []}, "": {"executed_lines": [1, 3, 4, 5, 6, 7, 8, 9, 11, 13, 14, 15, 23, 26, 27, 28, 31, 32, 34, 57, 73, 97, 125, 134, 143, 155, 204, 366, 400, 434, 472], "summary": {"covered_lines": 29, "num_statements": 29, "percent_covered": 100.0, "percent_covered_display": "100", "missing_lines": 0, "excluded_lines": 0, "percent_statements_covered": 100.0, "percent_statements_covered_display": "100"}, "missing_lines": [], "excluded_lines": []}}}, "src/setup/errors.py": {"executed_lines": [1, 4, 5, 7, 10, 11, 13, 16, 17, 19, 22, 23, 25], "summary": {"covered_lines": 8, "num_statements": 8, "percent_covered": 100.0, "percent_covered_display": "100", "missing_lines": 0, "excluded_lines": 0, "percent_statements_covered": 100.0, "percent_statements_covered_display": "100"}, "missing_lines": [], "excluded_lines": [], "functions": {"": {"executed_lines": [1, 4, 5, 7, 10, 11, 13, 16, 17, 19, 22, 23, 25], "summary": {"covered_lines": 8, "num_statements": 8, "percent_covered": 100.0, "percent_covered_display": "100", "missing_lines": 0, "excluded_lines": 0, "percent_statements_covered": 100.0, "percent_statements_covered_display": "100"}, "missing_lines": [], "excluded_lines": []}}, "classes": {"DownloadError": {"executed_lines": [], "summary": {"covered_lines": 0, "num_statements": 0, "percent_covered": 100.0, "percent_covered_display": "100", "missing_lines": 0, "excluded_lines": 0, "percent_statements_covered": 100.0, "percent_statements_covered_display": "100"}, "missing_lines": [], "excluded_lines": []}, "ChecksumError": {"executed_lines": [], "summary": {"covered_lines": 0, "num_statements": 0, "percent_covered": 100.0, "percent_covered_display": "100", "missing_lines": 0, "excluded_lines": 0, "percent_statements_covered": 100.0, "percent_statements_covered_display": "100"}, "missing_lines": [], "excluded_lines": []}, "NetworkError": {"executed_lines": [], "summary": {"covered_lines": 0, "num_statements": 0, "percent_covered": 100.0, "percent_covered_display": "100", "missing_lines": 0, "excluded_lines": 0, "percent_statements_covered": 100.0, "percent_statements_covered_display": "100"}, "missing_lines": [], "excluded_lines": []}, "DiskSpaceError": {"executed_lines": [], "summary": {"covered_lines": 0, "num_statements": 0, "percent_covered": 100.0, "percent_covered_display": "100", "missing_lines": 0, "excluded_lines": 0, "percent_statements_covered": 100.0, "percent_statements_covered_display": "100"}, "missing_lines": [], "excluded_lines": []}, "": {"executed_lines": [1, 4, 5, 7, 10, 11, 13, 16, 17, 19, 22, 23, 25], "summary": {"covered_lines": 8, "num_statements": 8, "percent_covered": 100.0, "percent_covered_display": "100", "missing_lines": 0, "excluded_lines": 0, "percent_statements_covered": 100.0, "percent_statements_covered_display": "100"}, "missing_lines": [], "excluded_lines": []}}}, "src/setup/permissions.py": {"executed_lines": [1, 3, 4, 6, 9, 15, 20, 21, 22, 23, 24, 25, 26, 28, 31, 33, 41, 50, 51, 52, 53, 54, 55, 56], "summary": {"covered_lines": 23, "num_statements": 23, "percent_covered": 100.0, "percent_covered_display": "100", "missing_lines": 0, "excluded_lines": 0, "percent_statements_covered": 100.0, "percent_statements_covered_display": "100"}, "missing_lines": [], "excluded_lines": [], "functions": {"check_full_disk_access": {"executed_lines": [15, 20, 21, 22, 23, 24, 25, 26, 28], "summary": {"covered_lines": 9, "num_statements": 9, "percent_covered": 100.0, "percent_covered_display": "100", "missing_lines": 0, "excluded_lines": 0, "percent_statements_covered": 100.0, "percent_statements_covered_display": "100"}, "missing_lines": [], "excluded_lines": []}, "open_fda_preferences": {"executed_lines": [33], "summary": {"covered_lines": 1, "num_statements": 1, "percent_covered": 100.0, "percent_covered_display": "100", "missing_lines": 0, "excluded_lines": 0, "percent_statements_covered": 100.0, "percent_statements_covered_display": "100"}, "missing_lines": [], "excluded_lines": []}, "check_volume_access": {"executed_lines": [50, 51, 52, 53, 54, 55, 56], "summary": {"covered_lines": 7, "num_statements": 7, "percent_covered": 100.0, "percent_covered_display": "100", "missing_lines": 0, "excluded_lines": 0, "percent_statements_covered": 100.0, "percent_statements_covered_display": "100"}, "missing_lines": [], "excluded_lines": []}, "": {"executed_lines": [1, 3, 4, 6, 9, 31, 41], "summary": {"covered_lines": 6, "num_statements": 6, "percent_covered": 100.0, "percent_covered_display": "100", "missing_lines": 0, "excluded_lines": 0, "percent_statements_covered": 100.0, "percent_statements_covered_display": "100"}, "missing_lines": [], "excluded_lines": []}}, "classes": {"": {"executed_lines": [1, 3, 4, 6, 9, 15, 20, 21, 22, 23, 24, 25, 26, 28, 31, 33, 41, 50, 51, 52, 53, 54, 55, 56], "summary": {"covered_lines": 23, "num_statements": 23, "percent_covered": 100.0, "percent_covered_display": "100", "missing_lines": 0, "excluded_lines": 0, "percent_statements_covered": 100.0, "percent_statements_covered_display": "100"}, "missing_lines": [], "excluded_lines": []}}}, "src/setup/wizard.py": {"executed_lines": [1, 3, 4, 5, 6, 8, 9, 10, 11, 12, 13, 14, 17, 18, 20, 21, 22, 23, 24, 25, 26, 27, 30, 31, 33, 44, 46, 47, 48, 51, 52, 53, 54, 55, 57, 58, 60, 61, 63, 64, 68, 80, 106, 122, 136, 138, 149, 151, 153, 154, 155, 247, 260, 262, 263, 264, 295, 337, 381, 451, 492], "summary": {"covered_lines": 58, "num_statements": 214, "percent_covered": 27.102803738317757, "percent_covered_display": "27", "missing_lines": 156, "excluded_lines": 0, "percent_statements_covered": 27.102803738317757, "percent_statements_covered_display": "27"}, "missing_lines": [66, 70, 72, 76, 78, 82, 84, 85, 86, 87, 88, 89, 91, 93, 94, 95, 96, 97, 98, 100, 101, 102, 104, 108, 117, 118, 119, 120, 124, 125, 128, 129, 130, 157, 172, 173, 176, 177, 178, 179, 182, 187, 191, 192, 194, 205, 208, 209, 210, 211, 216, 217, 222, 223, 229, 234, 236, 237, 242, 245, 249, 250, 251, 252, 253, 254, 255, 256, 258, 266, 283, 284, 285, 286, 287, 293, 297, 311, 312, 313, 314, 315, 318, 326, 328, 329, 331, 332, 333, 335, 342, 353, 354, 355, 356, 360, 361, 362, 363, 366, 374, 375, 376, 377, 379, 383, 384, 386, 387, 388, 394, 395, 396, 399, 400, 401, 402, 405, 406, 407, 408, 410, 412, 413, 414, 415, 416, 417, 418, 420, 421, 423, 424, 428, 440, 442, 443, 445, 446, 447, 449, 453, 467, 468, 469, 470, 471, 474, 482, 484, 485, 486, 488, 490, 494, 505], "excluded_lines": [], "functions": {"SetupWizard.__init__": {"executed_lines": [46, 47, 48, 51, 52, 53, 54, 55], "summary": {"covered_lines": 8, "num_statements": 8, "percent_covered": 100.0, "percent_covered_display": "100", "missing_lines": 0, "excluded_lines": 0, "percent_statements_covered": 100.0, "percent_statements_covered_display": "100"}, "missing_lines": [], "excluded_lines": []}, "SetupWizard.needs_setup": {"executed_lines": [60, 61], "summary": {"covered_lines": 2, "num_statements": 2, "percent_covered": 100.0, "percent_covered_display": "100", "missing_lines": 0, "excluded_lines": 0, "percent_statements_covered": 100.0, "percent_statements_covered_display": "100"}, "missing_lines": [], "excluded_lines": []}, "SetupWizard.current_step": {"executed_lines": [], "summary": {"covered_lines": 0, "num_statements": 1, "percent_covered": 0.0, "percent_covered_display": "0", "missing_lines": 1, "excluded_lines": 0, "percent_statements_covered": 0.0, "percent_statements_covered_display": "0"}, "missing_lines": [66], "excluded_lines": []}, "SetupWizard.run": {"executed_lines": [], "summary": {"covered_lines": 0, "num_statements": 4, "percent_covered": 0.0, "percent_covered_display": "0", "missing_lines": 4, "excluded_lines": 0, "percent_statements_covered": 0.0, "percent_statements_covered_display": "0"}, "missing_lines": [70, 72, 76, 78], "excluded_lines": []}, "SetupWizard._process_wizard_step": {"executed_lines": [], "summary": {"covered_lines": 0, "num_statements": 18, "percent_covered": 0.0, "percent_covered_display": "0", "missing_lines": 18, "excluded_lines": 0, "percent_statements_covered": 0.0, "percent_statements_covered_display": "0"}, "missing_lines": [82, 84, 85, 86, 87, 88, 89, 91, 93, 94, 95, 96, 97, 98, 100, 101, 102, 104], "excluded_lines": []}, "SetupWizard._run_current_step": {"executed_lines": [], "summary": {"covered_lines": 0, "num_statements": 5, "percent_covered": 0.0, "percent_covered_display": "0", "missing_lines": 5, "excluded_lines": 0, "percent_statements_covered": 0.0, "percent_statements_covered_display": "0"}, "missing_lines": [108, 117, 118, 119, 120], "excluded_lines": []}, "SetupWizard._on_progress": {"executed_lines": [], "summary": {"covered_lines": 0, "num_statements": 5, "percent_covered": 0.0, "percent_covered_display": "0", "missing_lines": 5, "excluded_lines": 0, "percent_statements_covered": 0.0, "percent_statements_covered_display": "0"}, "missing_lines": [124, 125, 128, 129, 130], "excluded_lines": []}, "SetupWizard._show_welcome": {"executed_lines": [138, 149], "summary": {"covered_lines": 2, "num_statements": 2, "percent_covered": 100.0, "percent_covered_display": "100", "missing_lines": 0, "excluded_lines": 0, "percent_statements_covered": 100.0, "percent_statements_covered_display": "100"}, "missing_lines": [], "excluded_lines": []}, "SetupWizard._show_download": {"executed_lines": [153, 154, 155], "summary": {"covered_lines": 3, "num_statements": 30, "percent_covered": 10.0, "percent_covered_display": "10", "missing_lines": 27, "excluded_lines": 0, "percent_statements_covered": 10.0, "percent_statements_covered_display": "10"}, "missing_lines": [157, 172, 173, 176, 177, 178, 179, 182, 187, 191, 192, 194, 205, 208, 209, 210, 211, 216, 217, 222, 223, 229, 234, 236, 237, 242, 245], "excluded_lines": []}, "SetupWizard._download_in_background": {"executed_lines": [], "summary": {"covered_lines": 0, "num_statements": 9, "percent_covered": 0.0, "percent_covered_display": "0", "missing_lines": 9, "excluded_lines": 0, "percent_statements_covered": 0.0, "percent_statements_covered_display": "0"}, "missing_lines": [249, 250, 251, 252, 253, 254, 255, 256, 258], "excluded_lines": []}, "SetupWizard._show_permissions": {"executed_lines": [262, 263, 264], "summary": {"covered_lines": 3, "num_statements": 10, "percent_covered": 30.0, "percent_covered_display": "30", "missing_lines": 7, "excluded_lines": 0, "percent_statements_covered": 30.0, "percent_statements_covered_display": "30"}, "missing_lines": [266, 283, 284, 285, 286, 287, 293], "excluded_lines": []}, "SetupWizard._show_source_config": {"executed_lines": [], "summary": {"covered_lines": 0, "num_statements": 14, "percent_covered": 0.0, "percent_covered_display": "0", "missing_lines": 14, "excluded_lines": 0, "percent_statements_covered": 0.0, "percent_statements_covered_display": "0"}, "missing_lines": [297, 311, 312, 313, 314, 315, 318, 326, 328, 329, 331, 332, 333, 335], "excluded_lines": []}, "SetupWizard._show_output_config": {"executed_lines": [], "summary": {"covered_lines": 0, "num_statements": 15, "percent_covered": 0.0, "percent_covered_display": "0", "missing_lines": 15, "excluded_lines": 0, "percent_statements_covered": 0.0, "percent_statements_covered_display": "0"}, "missing_lines": [342, 353, 354, 355, 356, 360, 361, 362, 363, 366, 374, 375, 376, 377, 379], "excluded_lines": []}, "SetupWizard._show_language": {"executed_lines": [], "summary": {"covered_lines": 0, "num_statements": 36, "percent_covered": 0.0, "percent_covered_display": "0", "missing_lines": 36, "excluded_lines": 0, "percent_statements_covered": 0.0, "percent_statements_covered_display": "0"}, "missing_lines": [383, 384, 386, 387, 388, 394, 395, 396, 399, 400, 401, 402, 405, 406, 407, 408, 410, 412, 413, 414, 415, 416, 417, 418, 420, 421, 423, 424, 428, 440, 442, 443, 445, 446, 447, 449], "excluded_lines": []}, "SetupWizard._show_ai_config": {"executed_lines": [], "summary": {"covered_lines": 0, "num_statements": 13, "percent_covered": 0.0, "percent_covered_display": "0", "missing_lines": 13, "excluded_lines": 0, "percent_statements_covered": 0.0, "percent_statements_covered_display": "0"}, "missing_lines": [453, 467, 468, 469, 470, 471, 474, 482, 484, 485, 486, 488, 490], "excluded_lines": []}, "SetupWizard._show_finish": {"executed_lines": [], "summary": {"covered_lines": 0, "num_statements": 2, "percent_covered": 0.0, "percent_covered_display": "0", "missing_lines": 2, "excluded_lines": 0, "percent_statements_covered": 0.0, "percent_statements_covered_display": "0"}, "missing_lines": [494, 505], "excluded_lines": []}, "": {"executed_lines": [1, 3, 4, 5, 6, 8, 9, 10, 11, 12, 13, 14, 17, 18, 20, 21, 22, 23, 24, 25, 26, 27, 30, 31, 33, 44, 57, 58, 63, 64, 68, 80, 106, 122, 136, 151, 247, 260, 295, 337, 381, 451, 492], "summary": {"covered_lines": 40, "num_statements": 40, "percent_covered": 100.0, "percent_covered_display": "100", "missing_lines": 0, "excluded_lines": 0, "percent_statements_covered": 100.0, "percent_statements_covered_display": "100"}, "missing_lines": [], "excluded_lines": []}}, "classes": {"WizardStep": {"executed_lines": [], "summary": {"covered_lines": 0, "num_statements": 0, "percent_covered": 100.0, "percent_covered_display": "100", "missing_lines": 0, "excluded_lines": 0, "percent_statements_covered": 100.0, "percent_statements_covered_display": "100"}, "missing_lines": [], "excluded_lines": []}, "SetupWizard": {"executed_lines": [46, 47, 48, 51, 52, 53, 54, 55, 60, 61, 138, 149, 153, 154, 155, 262, 263, 264], "summary": {"covered_lines": 18, "num_statements": 174, "percent_covered": 10.344827586206897, "percent_covered_display": "10", "missing_lines": 156, "excluded_lines": 0, "percent_statements_covered": 10.344827586206897, "percent_statements_covered_display": "10"}, "missing_lines": [66, 70, 72, 76, 78, 82, 84, 85, 86, 87, 88, 89, 91, 93, 94, 95, 96, 97, 98, 100, 101, 102, 104, 108, 117, 118, 119, 120, 124, 125, 128, 129, 130, 157, 172, 173, 176, 177, 178, 179, 182, 187, 191, 192, 194, 205, 208, 209, 210, 211, 216, 217, 222, 223, 229, 234, 236, 237, 242, 245, 249, 250, 251, 252, 253, 254, 255, 256, 258, 266, 283, 284, 285, 286, 287, 293, 297, 311, 312, 313, 314, 315, 318, 326, 328, 329, 331, 332, 333, 335, 342, 353, 354, 355, 356, 360, 361, 362, 363, 366, 374, 375, 376, 377, 379, 383, 384, 386, 387, 388, 394, 395, 396, 399, 400, 401, 402, 405, 406, 407, 408, 410, 412, 413, 414, 415, 416, 417, 418, 420, 421, 423, 424, 428, 440, 442, 443, 445, 446, 447, 449, 453, 467, 468, 469, 470, 471, 474, 482, 484, 485, 486, 488, 490, 494, 505], "excluded_lines": []}, "": {"executed_lines": [1, 3, 4, 5, 6, 8, 9, 10, 11, 12, 13, 14, 17, 18, 20, 21, 22, 23, 24, 25, 26, 27, 30, 31, 33, 44, 57, 58, 63, 64, 68, 80, 106, 122, 136, 151, 247, 260, 295, 337, 381, 451, 492], "summary": {"covered_lines": 40, "num_statements": 40, "percent_covered": 100.0, "percent_covered_display": "100", "missing_lines": 0, "excluded_lines": 0, "percent_statements_covered": 100.0, "percent_statements_covered_display": "100"}, "missing_lines": [], "excluded_lines": []}}}, "src/state_manager.py": {"executed_lines": [1, 3, 4, 5, 6, 8, 9, 12, 24, 26, 27, 30, 31, 34, 35, 36, 37, 38, 39, 44, 49, 51, 52, 54, 57, 64, 70, 71, 72, 73, 74, 75, 76, 77, 78, 79, 80, 83, 84, 85, 88, 90, 91, 93, 95, 96, 97], "summary": {"covered_lines": 46, "num_statements": 53, "percent_covered": 86.79245283018868, "percent_covered_display": "87", "missing_lines": 7, "excluded_lines": 0, "percent_statements_covered": 86.79245283018868, "percent_statements_covered_display": "87"}, "missing_lines": [40, 41, 59, 60, 61, 98, 99], "excluded_lines": [], "functions": {"reset_state": {"executed_lines": [24, 26, 27, 30, 31, 34, 35, 36, 37, 38, 39, 44, 49, 51, 52, 54, 57], "summary": {"covered_lines": 17, "num_statements": 22, "percent_covered": 77.27272727272727, "percent_covered_display": "77", "missing_lines": 5, "excluded_lines": 0, "percent_statements_covered": 77.27272727272727, "percent_statements_covered_display": "77"}, "missing_lines": [40, 41, 59, 60, 61], "excluded_lines": []}, "get_last_sync_time": {"executed_lines": [70, 71, 72, 73, 74, 75, 76, 77, 78, 79, 80, 83, 84, 85], "summary": {"covered_lines": 14, "num_statements": 14, "percent_covered": 100.0, "percent_covered_display": "100", "missing_lines": 0, "excluded_lines": 0, "percent_statements_covered": 100.0, "percent_statements_covered_display": "100"}, "missing_lines": [], "excluded_lines": []}, "save_sync_time": {"executed_lines"
[...]
lines": [198], "summary": {"covered_lines": 1, "num_statements": 5, "percent_covered": 20.0, "percent_covered_display": "20", "missing_lines": 4, "excluded_lines": 0, "percent_statements_covered": 20.0, "percent_statements_covered_display": "20"}, "missing_lines": [199, 200, 201, 202], "excluded_lines": []}, "Transcriber._check_whisper": {"executed_lines": [211, 221, 222, 233, 234, 235, 238, 242, 245, 247], "summary": {"covered_lines": 10, "num_statements": 17, "percent_covered": 58.8235294117647, "percent_covered_display": "59", "missing_lines": 7, "excluded_lines": 0, "percent_statements_covered": 58.8235294117647, "percent_statements_covered_display": "59"}, "missing_lines": [212, 224, 225, 226, 228, 243, 250], "excluded_lines": []}, "Transcriber.find_recorder": {"executed_lines": [258, 260, 261, 262, 265, 266, 267, 271, 272], "summary": {"covered_lines": 9, "num_statements": 11, "percent_covered": 81.81818181818181, "percent_covered_display": "82", "missing_lines": 2, "excluded_lines": 0, "percent_statements_covered": 81.81818181818181, "percent_statements_covered_display": "82"}, "missing_lines": [268, 269], "excluded_lines": []}, "Transcriber.get_last_sync_time": {"executed_lines": [280], "summary": {"covered_lines": 1, "num_statements": 1, "percent_covered": 100.0, "percent_covered_display": "100", "missing_lines": 0, "excluded_lines": 0, "percent_statements_covered": 100.0, "percent_statements_covered_display": "100"}, "missing_lines": [], "excluded_lines": []}, "Transcriber.save_sync_time": {"executed_lines": [284], "summary": {"covered_lines": 1, "num_statements": 1, "percent_covered": 100.0, "percent_covered_display": "100", "missing_lines": 0, "excluded_lines": 0, "percent_statements_covered": 100.0, "percent_statements_covered_display": "100"}, "missing_lines": [], "excluded_lines": []}, "Transcriber.find_audio_files": {"executed_lines": [298, 300, 302, 304, 305, 308, 312, 313, 316, 317, 318, 319, 320, 335, 338, 340], "summary": {"covered_lines": 16, "num_statements": 30, "percent_covered": 53.333333333333336, "percent_covered_display": "53", "missing_lines": 14, "excluded_lines": 0, "percent_statements_covered": 53.333333333333336, "percent_statements_covered_display": "53"}, "missing_lines": [309, 310, 321, 322, 323, 325, 326, 327, 328, 329, 330, 331, 332, 333], "excluded_lines": []}, "Transcriber._stage_audio_file": {"executed_lines": [356, 358, 361, 364, 365, 366, 367, 370, 372, 375, 382, 383, 384, 386, 388, 389, 393], "summary": {"covered_lines": 17, "num_statements": 25, "percent_covered": 68.0, "percent_covered_display": "68", "missing_lines": 8, "excluded_lines": 0, "percent_statements_covered": 68.0, "percent_statements_covered_display": "68"}, "missing_lines": [376, 379, 394, 395, 398, 399, 400, 404], "excluded_lines": []}, "Transcriber._run_whisper_transcription": {"executed_lines": [419, 420, 422, 431, 432, 435, 436, 440, 441, 442, 443, 444, 449, 456], "summary": {"covered_lines": 14, "num_statements": 14, "percent_covered": 100.0, "percent_covered_display": "100", "missing_lines": 0, "excluded_lines": 0, "percent_statements_covered": 100.0, "percent_statements_covered_display": "100"}, "missing_lines": [], "excluded_lines": []}, "Transcriber._should_retry_without_coreml": {"executed_lines": [476, 479, 485], "summary": {"covered_lines": 3, "num_statements": 4, "percent_covered": 75.0, "percent_covered_display": "75", "missing_lines": 1, "excluded_lines": 0, "percent_statements_covered": 75.0, "percent_statements_covered_display": "75"}, "missing_lines": [477], "excluded_lines": []}, "Transcriber._run_macwhisper": {"executed_lines": [496, 497, 498, 501, 502, 505, 510, 515, 516, 517, 521, 522, 523, 525, 527, 530, 531, 533, 540, 541, 544, 545, 547, 548, 549, 552, 563, 566, 567, 568, 569, 625, 627, 628], "summary": {"covered_lines": 34, "num_statements": 77, "percent_covered": 44.15584415584416, "percent_covered_display": "44", "missing_lines": 43, "excluded_lines": 0, "percent_statements_covered": 44.15584415584416, "percent_statements_covered_display": "44"}, "missing_lines": [506, 507, 511, 512, 518, 519, 553, 554, 555, 556, 557, 558, 559, 560, 561, 571, 576, 577, 578, 582, 583, 588, 589, 590, 591, 593, 597, 598, 599, 600, 601, 602, 603, 605, 606, 607, 611, 612, 614, 615, 616, 620, 621], "excluded_lines": []}, "Transcriber._postprocess_transcript": {"executed_lines": [642, 644, 645, 646, 648, 653, 654, 655, 656, 657, 658, 665, 666, 667, 680, 681, 684, 685, 686, 687, 688, 693, 705, 706, 714, 717, 718, 719, 720, 724], "summary": {"covered_lines": 30, "num_statements": 45, "percent_covered": 66.66666666666667, "percent_covered_display": "67", "missing_lines": 15, "excluded_lines": 0, "percent_statements_covered": 66.66666666666667, "percent_statements_covered_display": "67"}, "missing_lines": [649, 650, 659, 660, 661, 662, 694, 695, 696, 697, 721, 722, 726, 727, 731], "excluded_lines": []}, "Transcriber._find_existing_markdown_for_audio": {"executed_lines": [749, 750, 753, 754, 755, 757, 758, 759, 760, 761, 762, 764, 765, 766, 767, 782], "summary": {"covered_lines": 16, "num_statements": 22, "percent_covered": 72.72727272727273, "percent_covered_display": "73", "missing_lines": 6, "excluded_lines": 0, "percent_statements_covered": 72.72727272727273, "percent_statements_covered_display": "73"}, "missing_lines": [751, 768, 769, 774, 775, 776], "excluded_lines": []}, "Transcriber._remove_existing_transcription": {"executed_lines": [], "summary": {"covered_lines": 0, "num_statements": 18, "percent_covered": 0.0, "percent_covered_display": "0", "missing_lines": 18, "excluded_lines": 0, "percent_statements_covered": 0.0, "percent_statements_covered_display": "0"}, "missing_lines": [797, 800, 801, 802, 803, 804, 805, 806, 807, 810, 811, 812, 813, 814, 815, 816, 817, 819], "excluded_lines": []}, "Transcriber.force_retranscribe": {"executed_lines": [], "summary": {"covered_lines": 0, "num_statements": 26, "percent_covered": 0.0, "percent_covered_display": "0", "missing_lines": 26, "excluded_lines": 0, "percent_statements_covered": 0.0, "percent_statements_covered_display": "0"}, "missing_lines": [835, 837, 838, 839, 841, 844, 845, 847, 849, 852, 854, 856, 857, 864, 866, 870, 872, 874, 877, 878, 880, 882, 885, 887, 889, 891], "excluded_lines": []}, "Transcriber.transcribe_file": {"executed_lines": [907, 908, 909, 914, 919, 922, 923, 928, 929, 930, 936, 939, 941, 942], "summary": {"covered_lines": 14, "num_statements": 20, "percent_covered": 70.0, "percent_covered_display": "70", "missing_lines": 6, "excluded_lines": 0, "percent_statements_covered": 70.0, "percent_statements_covered_display": "70"}, "missing_lines": [932, 945, 947, 948, 950, 952], "excluded_lines": []}, "Transcriber.process_recorder": {"executed_lines": [960, 961, 962, 966, 967, 969, 970, 971, 972, 975, 976, 977, 978, 979, 980, 981, 983, 985, 988, 989, 992, 993, 997, 998, 999, 1004, 1007, 1013, 1014, 1017, 1018, 1019, 1021, 1022, 1023, 1028, 1029, 1032, 1033, 1042, 1043, 1045, 1048, 1050, 1051, 1058, 1064, 1068, 1069, 1070, 1071, 1072, 1078, 1082, 1086, 1090, 1092], "summary": {"covered_lines": 57, "num_statements": 62, "percent_covered": 91.93548387096774, "percent_covered_display": "92", "missing_lines": 5, "excluded_lines": 0, "percent_statements_covered": 91.93548387096774, "percent_statements_covered_display": "92"}, "missing_lines": [1034, 1038, 1039, 1087, 1088], "excluded_lines": []}, "": {"executed_lines": [1, 3, 4, 5, 6, 7, 8, 9, 10, 12, 13, 14, 15, 16, 17, 18, 19, 20, 23, 52, 53, 55, 64, 119, 134, 135, 149, 174, 185, 204, 252, 274, 282, 286, 342, 406, 464, 487, 630, 733, 784, 821, 893, 954], "summary": {"covered_lines": 41, "num_statements": 41, "percent_covered": 100.0, "percent_covered_display": "100", "missing_lines": 0, "excluded_lines": 0, "percent_statements_covered": 100.0, "percent_statements_covered_display": "100"}, "missing_lines": [], "excluded_lines": []}}, "classes": {"ProcessLock": {"executed_lines": [61, 62, 70, 71, 72, 76, 77, 78, 82, 83, 85, 86, 87, 88, 89, 90, 95, 96, 102, 103, 112, 114, 121, 122, 123, 127, 128, 129, 130], "summary": {"covered_lines": 29, "num_statements": 40, "percent_covered": 72.5, "percent_covered_display": "72", "missing_lines": 11, "excluded_lines": 0, "percent_statements_covered": 72.5, "percent_statements_covered_display": "72"}, "missing_lines": [91, 93, 104, 105, 115, 116, 117, 124, 125, 131, 132], "excluded_lines": []}, "Transcriber": {"executed_lines": [157, 159, 160, 161, 162, 163, 166, 167, 168, 169, 172, 198, 211, 221, 222, 233, 234, 235, 238, 242, 245, 247, 258, 260, 261, 262, 265, 266, 267, 271, 272, 280, 284, 298, 300, 302, 304, 305, 308, 312, 313, 316, 317, 318, 319, 320, 335, 338, 340, 356, 358, 361, 364, 365, 366, 367, 370, 372, 375, 382, 383, 384, 386, 388, 389, 393, 419, 420, 422, 431, 432, 435, 436, 440, 441, 442, 443, 444, 449, 456, 476, 479, 485, 496, 497, 498, 501, 502, 505, 510, 515, 516, 517, 521, 522, 523, 525, 527, 530, 531, 533, 540, 541, 544, 545, 547, 548, 549, 552, 563, 566, 567, 568, 569, 625, 627, 628, 642, 644, 645, 646, 648, 653, 654, 655, 656, 657, 658, 665, 666, 667, 680, 681, 684, 685, 686, 687, 688, 693, 705, 706, 714, 717, 718, 719, 720, 724, 749, 750, 753, 754, 755, 757, 758, 759, 760, 761, 762, 764, 765, 766, 767, 782, 907, 908, 909, 914, 919, 922, 923, 928, 929, 930, 936, 939, 941, 942, 960, 961, 962, 966, 967, 969, 970, 971, 972, 975, 976, 977, 978, 979, 980, 981, 983, 985, 988, 989, 992, 993, 997, 998, 999, 1004, 1007, 1013, 1014, 1017, 1018, 1019, 1021, 1022, 1023, 1028, 1029, 1032, 1033, 1042, 1043, 1045, 1048, 1050, 1051, 1058, 1064, 1068, 1069, 1070, 1071, 1072, 1078, 1082, 1086, 1090, 1092], "summary": {"covered_lines": 234, "num_statements": 390, "percent_covered": 60.0, "percent_covered_display": "60", "missing_lines": 156, "excluded_lines": 0, "percent_statements_covered": 60.0, "percent_statements_covered_display": "60"}, "missing_lines": [183, 199, 200, 201, 202, 212, 224, 225, 226, 228, 243, 250, 268, 269, 309, 310, 321, 322, 323, 325, 326, 327, 328, 329, 330, 331, 332, 333, 376, 379, 394, 395, 398, 399, 400, 404, 477, 506, 507, 511, 512, 518, 519, 553, 554, 555, 556, 557, 558, 559, 560, 561, 571, 576, 577, 578, 582, 583, 588, 589, 590, 591, 593, 597, 598, 599, 600, 601, 602, 603, 605, 606, 607, 611, 612, 614, 615, 616, 620, 621, 649, 650, 659, 660, 661, 662, 694, 695, 696, 697, 721, 722, 726, 727, 731, 751, 768, 769, 774, 775, 776, 797, 800, 801, 802, 803, 804, 805, 806, 807, 810, 811, 812, 813, 814, 815, 816, 817, 819, 835, 837, 838, 839, 841, 844, 845, 847, 849, 852, 854, 856, 857, 864, 866, 870, 872, 874, 877, 878, 880, 882, 885, 887, 889, 891, 932, 945, 947, 948, 950, 952, 1034, 1038, 1039, 1087, 1088], "excluded_lines": []}, "": {"executed_lines": [1, 3, 4, 5, 6, 7, 8, 9, 10, 12, 13, 14, 15, 16, 17, 18, 19, 20, 23, 31, 33, 34, 35, 37, 38, 42, 52, 53, 55, 64, 119, 134, 135, 149, 174, 185, 204, 252, 274, 282, 286, 342, 406, 464, 487, 630, 733, 784, 821, 893, 954], "summary": {"covered_lines": 48, "num_statements": 51, "percent_covered": 94.11764705882354, "percent_covered_display": "94", "missing_lines": 3, "excluded_lines": 0, "percent_statements_covered": 94.11764705882354, "percent_statements_covered_display": "94"}, "missing_lines": [40, 48, 49], "excluded_lines": []}}}, "src/ui/__init__.py": {"executed_lines": [1, 3, 4, 6], "summary": {"covered_lines": 3, "num_statements": 3, "percent_covered": 100.0, "percent_covered_display": "100", "missing_lines": 0, "excluded_lines": 0, "percent_statements_covered": 100.0, "percent_statements_covered_display": "100"}, "missing_lines": [], "excluded_lines": [], "functions": {"": {"executed_lines": [1, 3, 4, 6], "summary": {"covered_lines": 3, "num_statements": 3, "percent_covered": 100.0, "percent_covered_display": "100", "missing_lines": 0, "excluded_lines": 0, "percent_statements_covered": 100.0, "percent_statements_covered_display": "100"}, "missing_lines": [], "excluded_lines": []}}, "classes": {"": {"executed_lines": [1, 3, 4, 6], "summary": {"covered_lines": 3, "num_statements": 3, "percent_covered": 100.0, "percent_covered_display": "100", "missing_lines": 0, "excluded_lines": 0, "percent_statements_covered": 100.0, "percent_statements_covered_display": "100"}, "missing_lines": [], "excluded_lines": []}}}, "src/ui/constants.py": {"executed_lines": [1, 4, 5, 6, 7, 8, 11], "summary": {"covered_lines": 6, "num_statements": 6, "percent_covered": 100.0, "percent_covered_display": "100", "missing_lines": 0, "excluded_lines": 0, "percent_statements_covered": 100.0, "percent_statements_covered_display": "100"}, "missing_lines": [], "excluded_lines": [], "functions": {"": {"executed_lines": [1, 4, 5, 6, 7, 8, 11], "summary": {"covered_lines": 6, "num_statements": 6, "percent_covered": 100.0, "percent_covered_display": "100", "missing_lines": 0, "excluded_lines": 0, "percent_statements_covered": 100.0, "percent_statements_covered_display": "100"}, "missing_lines": [], "excluded_lines": []}}, "classes": {"": {"executed_lines": [1, 4, 5, 6, 7, 8, 11], "summary": {"covered_lines": 6, "num_statements": 6, "percent_covered": 100.0, "percent_covered_display": "100", "missing_lines": 0, "excluded_lines": 0, "percent_statements_covered": 100.0, "percent_statements_covered_display": "100"}, "missing_lines": [], "excluded_lines": []}}}, "src/ui/dialogs.py": {"executed_lines": [1, 3, 4, 5, 7, 10, 20, 21, 23, 24, 25, 26, 27, 28, 30, 31, 32, 33, 35, 36, 39, 48, 52, 60, 62, 63, 64, 65, 66, 67, 68, 69, 71, 72, 80, 82, 83, 85, 86, 95, 98, 100], "summary": {"covered_lines": 41, "num_statements": 44, "percent_covered": 93.18181818181819, "percent_covered_display": "93", "missing_lines": 3, "excluded_lines": 0, "percent_statements_covered": 93.18181818181819, "percent_statements_covered_display": "93"}, "missing_lines": [87, 88, 93], "excluded_lines": [], "functions": {"choose_folder_dialog": {"executed_lines": [20, 21, 23, 24, 25, 26, 27, 28, 30, 31, 32, 33, 35, 36], "summary": {"covered_lines": 14, "num_statements": 14, "percent_covered": 100.0, "percent_covered_display": "100", "missing_lines": 0, "excluded_lines": 0, "percent_statements_covered": 100.0, "percent_statements_covered_display": "100"}, "missing_lines": [], "excluded_lines": []}, "choose_date_dialog": {"executed_lines": [48, 52, 60, 62, 63, 64, 65, 66, 67, 68, 69, 71, 72, 80, 82, 83, 85, 86, 95], "summary": {"covered_lines": 19, "num_statements": 22, "percent_covered": 86.36363636363636, "percent_covered_display": "86", "missing_lines": 3, "excluded_lines": 0, "percent_statements_covered": 86.36363636363636, "percent_statements_covered_display": "86"}, "missing_lines": [87, 88, 93], "excluded_lines": []}, "show_about_dialog": {"executed_lines": [100], "summary": {"covered_lines": 1, "num_statements": 1, "percent_covered": 100.0, "percent_covered_display": "100", "missing_lines": 0, "excluded_lines": 0, "percent_statements_covered": 100.0, "percent_statements_covered_display": "100"}, "missing_lines": [], "excluded_lines": []}, "": {"executed_lines": [1, 3, 4, 5, 7, 10, 39, 98], "summary": {"covered_lines": 7, "num_statements": 7, "percent_covered": 100.0, "percent_covered_display": "100", "missing_lines": 0, "excluded_lines": 0, "percent_statements_covered": 100.0, "percent_statements_covered_display": "100"}, "missing_lines": [], "excluded_lines": []}}, "classes": {"": {"executed_lines": [1, 3, 4, 5, 7, 10, 20, 21, 23, 24, 25, 26, 27, 28, 30, 31, 32, 33, 35, 36, 39, 48, 52, 60, 62, 63, 64, 65, 66, 67, 68, 69, 71, 72, 80, 82, 83, 85, 86, 95, 98, 100], "summary": {"covered_lines": 41, "num_statements": 44, "percent_covered": 93.18181818181819, "percent_covered_display": "93", "missing_lines": 3, "excluded_lines": 0, "percent_statements_covered": 93.18181818181819, "percent_statements_covered_display": "93"}, "missing_lines": [87, 88, 93], "excluded_lines": []}}}, "src/ui/settings_window.py": {"executed_lines": [], "summary": {"covered_lines": 0, "num_statements": 119, "percent_covered": 0.0, "percent_covered_display": "0", "missing_lines": 119, "excluded_lines": 0, "percent_statements_covered": 0.0, "percent_statements_covered_display": "0"}, "missing_lines": [3, 4, 6, 7, 8, 11, 17, 18, 21, 23, 24, 25, 27, 40, 41, 42, 43, 44, 45, 46, 48, 49, 52, 62, 63, 66, 67, 68, 69, 74, 77, 80, 90, 100, 101, 104, 105, 106, 107, 108, 110, 113, 122, 123, 125, 126, 127, 133, 134, 135, 138, 139, 140, 141, 144, 145, 146, 148, 150, 151, 152, 153, 154, 155, 156, 158, 160, 162, 163, 167, 179, 181, 182, 184, 185, 186, 187, 188, 189, 191, 194, 203, 204, 206, 207, 208, 215, 216, 217, 220, 221, 222, 223, 226, 227, 228, 230, 232, 233, 234, 235, 236, 237, 238, 240, 242, 244, 245, 249, 261, 263, 264, 266, 267, 268, 269, 270, 271, 273], "excluded_lines": [], "functions": {"show_settings_window": {"executed_lines": [], "summary": {"covered_lines": 0, "num_statements": 25, "percent_covered": 0.0, "percent_covered_display": "0", "missing_lines": 25, "excluded_lines": 0, "percent_statements_covered": 0.0, "percent_statements_covered_display": "0"}, "missing_lines": [17, 18, 21, 23, 24, 25, 27, 40, 41, 42, 43, 44, 45, 46, 48, 49, 52, 62, 63, 66, 67, 68, 69, 74, 77], "excluded_lines": []}, "_change_output_folder": {"executed_lines": [], "summary": {"covered_lines": 0, "num_statements": 9, "percent_covered": 0.0, "percent_covered_display": "0", "missing_lines": 9, "excluded_lines": 0, "percent_statements_covered": 0.0, "percent_statements_covered_display": "0"}, "missing_lines": [90, 100, 101, 104, 105, 106, 107, 108, 110], "excluded_lines": []}, "_change_language": {"executed_lines": [], "summary": {"covered_lines": 0, "num_statements": 38, "percent_covered": 0.0, "percent_covered_display": "0", "missing_lines": 38, "excluded_lines": 0, "percent_statements_covered": 0.0, "percent_statements_covered_display": "0"}, "missing_lines": [122, 123, 125, 126, 127, 133, 134, 135, 138, 139, 140, 141, 144, 145, 146, 148, 150, 151, 152, 153, 154, 155, 156, 158, 160, 162, 163, 167, 179, 181, 182, 184, 185, 186, 187, 188, 189, 191], "excluded_lines": []}, "_change_model": {"executed_lines": [], "summary": {"covered_lines": 0, "num_statements": 38, "percent_covered": 0.0, "percent_covered_display": "0", "missing_lines": 38, "excluded_lines": 0, "percent_statements_covered": 0.0, "percent_statements_covered_display": "0"}, "missing_lines": [203, 204, 206, 207, 208, 215, 216, 217, 220, 221, 222, 223, 226, 227, 228, 230, 232, 233, 234, 235, 236, 237, 238, 240, 242, 244, 245, 249, 261, 263, 264, 266, 267, 268, 269, 270, 271, 273], "excluded_lines": []}, "": {"executed_lines": [], "summary": {"covered_lines": 0, "num_statements": 9, "percent_covered": 0.0, "percent_covered_display": "0", "missing_lines": 9, "excluded_lines": 0, "percent_statements_covered": 0.0, "percent_statements_covered_display": "0"}, "missing_lines": [3, 4, 6, 7, 8, 11, 80, 113, 194], "excluded_lines": []}}, "classes": {"": {"executed_lines": [], "summary": {"covered_lines": 0, "num_statements": 119, "percent_covered": 0.0, "percent_covered_display": "0", "missing_lines": 119, "excluded_lines": 0, "percent_statements_covered": 0.0, "percent_statements_covered_display": "0"}, "missing_lines": [3, 4, 6, 7, 8, 11, 17, 18, 21, 23, 24, 25, 27, 40, 41, 42, 43, 44, 45, 46, 48, 49, 52, 62, 63, 66, 67, 68, 69, 74, 77, 80, 90, 100, 101, 104, 105, 106, 107, 108, 110, 113, 122, 123, 125, 126, 127, 133, 134, 135, 138, 139, 140, 141, 144, 145, 146, 148, 150, 151, 152, 153, 154, 155, 156, 158, 160, 162, 163, 167, 179, 181, 182, 184, 185, 186, 187, 188, 189, 191, 194, 203, 204, 206, 207, 208, 215, 216, 217, 220, 221, 222, 223, 226, 227, 228, 230, 232, 233, 234, 235, 236, 237, 238, 240, 242, 244, 245, 249, 261, 263, 264, 266, 267, 268, 269, 270, 271, 273], "excluded_lines": []}}}}, "totals": {"covered_lines": 1428, "num_statements": 2508, "percent_covered": 56.9377990430622, "percent_covered_display": "57", "missing_lines": 1080, "excluded_lines": 29, "percent_statements_covered": 56.9377990430622, "percent_statements_covered_display": "57"}}